============================================================
  Generated by:           Genus(TM) Synthesis Solution 22.12-s082_1
  Generated on:           Apr 24 2026  01:14:19 pm
  Module:                 uart_apb_top
  Library domain:         slow
    Domain index:         0
    Technology libraries: gpdk045bc 
                          GPDK_IO.lib 1.1
                          physical_cells 
  Library domain:         fast
    Domain index:         1
    Technology libraries: gpdk045wc 
                          GPDK_IO.lib 1.1
                          physical_cells 
  Operating conditions:   slow 
  Operating conditions:   fast 
  Interconnect mode:      global
  Area mode:              physical library
============================================================

   Instance                          Module                        Cell Count  Cell Area  Net Area   Total Area 
----------------------------------------------------------------------------------------------------------------
uart_apb_top                                                             1393   6309.917  1578.761     7888.678 
  u_dma        uart_dma_handshake                                          10     41.040     5.170       46.210 
  u_intf_block uart_interface_block                                        33    173.847    15.908      189.755 
  u_irq_ctrl   uart_interrupt_ctrl                                          6     12.996     1.482       14.478 
  u_uart_core  apb_uart_sv_APB_ADDR_WIDTH12_TX_FIFO_DEPTH16_RX_FI        1343   6079.298  1394.499     7473.797 
    u_rx_fifo  io_generic_fifo_DATA_WIDTH8_BUFFER_DEPTH16_LOG_BUF         380   1814.267   341.079     2155.347 
    u_tx_fifo  io_generic_fifo_DATA_WIDTH8_BUFFER_DEPTH16_LOG_BUF         344   1719.405   319.869     2039.274 
    u_uart_rx  uart_rx                                                    184    723.920   180.328      904.248 
    u_uart_tx  uart_tx                                                    147    611.547   153.130      764.678 
