============================================================
  Generated by:           Genus(TM) Synthesis Solution 22.12-s082_1
  Generated on:           Apr 24 2026  01:14:21 pm
  Module:                 uart_apb_top
  Library domain:         slow
    Domain index:         0
    Technology libraries: gpdk045bc 
                          GPDK_IO.lib 1.1
                          physical_cells 
  Library domain:         fast
    Domain index:         1
    Technology libraries: gpdk045wc 
                          GPDK_IO.lib 1.1
                          physical_cells 
  Operating conditions:   slow 
  Operating conditions:   fast 
  Interconnect mode:      global
  Area mode:              physical library
============================================================

                                   Leakage               Library 
    Gate     Instances    Area   Power (nW)    Library    Domain 
-----------------------------------------------------------------
ADDHX4               1     7.182      1.207    gpdk045wc    fast 
ADDHXL               2     9.576      1.018    gpdk045wc    fast 
AND2X1              22    37.620      4.513    gpdk045wc    fast 
AND2X2               5    10.260      1.481    gpdk045wc    fast 
AND2X4               5    15.390      2.667    gpdk045wc    fast 
AND2X6               2     7.524      1.737    gpdk045wc    fast 
AND3X1               1     2.394      0.244    gpdk045wc    fast 
AND3X2               1     2.736      0.333    gpdk045wc    fast 
AND3X4               1     3.078      0.594    gpdk045wc    fast 
AND3X6               1     4.446      1.018    gpdk045wc    fast 
AND3XL               2     4.104      0.439    gpdk045wc    fast 
AND4X1               3     8.208      0.909    gpdk045wc    fast 
AND4X6               1     5.814      1.200    gpdk045wc    fast 
AND4XL               1     2.394      0.278    gpdk045wc    fast 
AO21X1               5    11.970      1.409    gpdk045wc    fast 
AO21X4               1     3.420      0.640    gpdk045wc    fast 
AO22XL              20    54.720      5.732    gpdk045wc    fast 
AOI211X1             3     7.182      1.154    gpdk045wc    fast 
AOI211X2             1     3.420      0.768    gpdk045wc    fast 
AOI21X1             10    20.520      2.773    gpdk045wc    fast 
AOI21X2              3     8.208      1.663    gpdk045wc    fast 
AOI21X4              1     5.130      1.109    gpdk045wc    fast 
AOI221X1             7    21.546      2.996    gpdk045wc    fast 
AOI221X2            12    53.352     10.330    gpdk045wc    fast 
AOI221X4             1     7.866      1.722    gpdk045wc    fast 
AOI222X2            25   136.800     23.791    gpdk045wc    fast 
AOI222X4             2    19.152      3.808    gpdk045wc    fast 
AOI22X1             63   150.822     20.375    gpdk045wc    fast 
AOI22X2             18    67.716     11.644    gpdk045wc    fast 
AOI22X4              1     6.156      1.294    gpdk045wc    fast 
AOI2BB1X1            9    18.468      2.820    gpdk045wc    fast 
AOI2BB2X2            1     5.130      0.763    gpdk045wc    fast 
AOI2BB2X4            3    22.572      4.374    gpdk045wc    fast 
AOI31X1              1     2.052      0.327    gpdk045wc    fast 
AOI31X2              1     3.420      0.654    gpdk045wc    fast 
AOI32X2              1     4.446      0.778    gpdk045wc    fast 
DFFRHQX2           341  2682.306    356.921    gpdk045wc    fast 
DFFRHQX4            14   134.064     19.787    gpdk045wc    fast 
DFFRX2              35   299.250     41.672    gpdk045wc    fast 
DFFRX4               7    76.608     12.354    gpdk045wc    fast 
DFFSHQX1             1     8.208      0.941    gpdk045wc    fast 
DFFSHQX2             7    57.456      7.341    gpdk045wc    fast 
DFFSHQX4             6    57.456      8.027    gpdk045wc    fast 
DFFSX1               4    34.200      3.845    gpdk045wc    fast 
INVX1               44    30.472      4.006    gpdk045wc    fast 
INVX2               10    10.431      1.821    gpdk045wc    fast 
INVX3                4     5.575      1.093    gpdk045wc    fast 
MX2X2                4    12.312      1.788    gpdk045wc    fast 
MX2XL                1     2.736      0.324    gpdk045wc    fast 
MXI2X1               4    10.944      1.394    gpdk045wc    fast 
NAND2BX1            33    45.990      8.525    gpdk045wc    fast 
NAND2BX2             8    17.237      3.520    gpdk045wc    fast 
NAND2BX4             3    10.491      2.499    gpdk045wc    fast 
NAND2X1             28    29.207      5.085    gpdk045wc    fast 
NAND2X2             42    73.256     15.259    gpdk045wc    fast 
NAND2X4             21    71.820     15.256    gpdk045wc    fast 
NAND2X6             15    71.820     16.091    gpdk045wc    fast 
NAND2X8              7    38.304      9.904    gpdk045wc    fast 
NAND3BX2             2     6.156      1.239    gpdk045wc    fast 
NAND3X1             10    17.100      2.714    gpdk045wc    fast 
NAND3X2              5    13.680      2.715    gpdk045wc    fast 
NAND3X4              2     9.576      2.171    gpdk045wc    fast 
NAND3X6              2    14.364      3.202    gpdk045wc    fast 
NAND4BX4             1     7.524      1.544    gpdk045wc    fast 
NAND4X2              1     3.762      0.720    gpdk045wc    fast 
NOR2BX1             55    94.050     12.292    gpdk045wc    fast 
NOR2BX2              8    21.888      3.028    gpdk045wc    fast 
NOR2BX4             13    48.906      9.076    gpdk045wc    fast 
NOR2X1              27    36.936      4.316    gpdk045wc    fast 
NOR2X2              29    59.508      9.271    gpdk045wc    fast 
NOR2X4              39   133.380     24.935    gpdk045wc    fast 
NOR2X6              21    93.366     19.970    gpdk045wc    fast 
NOR2XL              34    34.884      3.269    gpdk045wc    fast 
NOR3BX1              2     4.104      0.575    gpdk045wc    fast 
NOR3BX2              3    10.260      1.548    gpdk045wc    fast 
NOR3X1               2     3.420      0.457    gpdk045wc    fast 
NOR3X2               4    10.944      1.828    gpdk045wc    fast 
NOR3X6               1     7.182      1.363    gpdk045wc    fast 
NOR4X2               4    13.680      2.378    gpdk045wc    fast 
OA21X1               6    14.364      1.455    gpdk045wc    fast 
OA21X2               1     3.078      0.334    gpdk045wc    fast 
OAI211X1             2     4.104      0.680    gpdk045wc    fast 
OAI211X2             1     4.104      0.680    gpdk045wc    fast 
OAI21X1              2     4.104      0.501    gpdk045wc    fast 
OAI21X2              6    18.468      3.003    gpdk045wc    fast 
OAI21X4              3    14.364      3.003    gpdk045wc    fast 
OAI221X2             1     4.788      0.817    gpdk045wc    fast 
OAI221X4             1     7.866      1.634    gpdk045wc    fast 
OAI222X2             1     5.814      0.955    gpdk045wc    fast 
OAI222X4             4    36.936      7.634    gpdk045wc    fast 
OAI22X1              3     7.182      1.039    gpdk045wc    fast 
OAI2BB1X1            4     8.208      1.182    gpdk045wc    fast 
OAI2BB2X2            1     5.472      0.831    gpdk045wc    fast 
OAI2BB2X4            1     8.550      1.582    gpdk045wc    fast 
OAI31X1              2     4.104      0.638    gpdk045wc    fast 
OAI31X2              1     3.762      0.638    gpdk045wc    fast 
OR2X1               15    25.650      3.668    gpdk045wc    fast 
OR2X2                3     6.156      1.007    gpdk045wc    fast 
OR2X4                3     9.234      1.764    gpdk045wc    fast 
OR2X6                4    16.416      3.829    gpdk045wc    fast 
OR3X1                8    16.416      2.570    gpdk045wc    fast 
OR3X2                1     2.394      0.412    gpdk045wc    fast 
OR3X4                1     3.078      0.684    gpdk045wc    fast 
OR3X6                2     9.576      2.342    gpdk045wc    fast 
OR4X1                4     9.576      1.592    gpdk045wc    fast 
OR4X2                1     3.420      0.489    gpdk045wc    fast 
OR4X6                1     5.472      1.385    gpdk045wc    fast 
SDFFRHQX1            8    76.608      9.714    gpdk045wc    fast 
SDFFRX1              1    10.944      1.168    gpdk045wc    fast 
SDFFRX2              2    21.888      2.797    gpdk045wc    fast 
SDFFRXL              1    10.260      1.106    gpdk045wc    fast 
SDFFSHQX4            2    24.624      3.188    gpdk045wc    fast 
SDFFSXL              7    74.214      7.582    gpdk045wc    fast 
TLATNTSCAX2         53   344.394     41.327    gpdk045wc    fast 
XNOR2X1             31    95.418     12.369    gpdk045wc    fast 
XNOR2X4              3    12.312      2.212    gpdk045wc    fast 
XNOR3X1              2    15.048      1.601    gpdk045wc    fast 
XOR2X1              58   178.524     22.102    gpdk045wc    fast 
XOR2X2               1     3.420      0.472    gpdk045wc    fast 
-----------------------------------------------------------------
total             1393  6309.917    916.609              


                                                         Leakage  Leakage 
            Type             Instances   Area   Area % Power (nW) Power % 
--------------------------------------------------------------------------
sequential                         436 3568.086   56.5    476.444    52.0 
inverter                            58   46.478    0.7      6.919     0.8 
clock_gating_integrated_cell        53  344.394    5.5     41.327     4.5 
logic                              846 2350.959   37.3    391.919    42.8 
physical_cells                       0    0.000    0.0      0.000     0.0 
--------------------------------------------------------------------------
total                             1393 6309.917  100.0    916.609   100.0 

