============================================================
  Generated by:           Genus(TM) Synthesis Solution 22.12-s082_1
  Generated on:           Apr 24 2026  01:13:41 pm
  Module:                 uart_apb_top
  Library domain:         slow
    Domain index:         0
    Technology libraries: gpdk045bc 
                          GPDK_IO.lib 1.1
                          physical_cells 
  Library domain:         fast
    Domain index:         1
    Technology libraries: gpdk045wc 
                          GPDK_IO.lib 1.1
                          physical_cells 
  Operating conditions:   slow 
  Operating conditions:   fast 
  Interconnect mode:      global
  Area mode:              physical library
============================================================

Timing
--------

Clock Period 
-------------
CLK   2000.0 


        Cost          Critical         Violating 
       Group         Path Slack  TNS     Paths   
-------------------------------------------------
cg_enable_group_CLK       289.1   0.0          0 
CLK                    No paths   0.0            
default                No paths   0.0            
INPUTS                    254.8   0.0          0 
OUTPUTS                    96.8   0.0          0 
REG2REG                   233.2   0.0          0 
-------------------------------------------------
Total                             0.0          0 

Instance Count
--------------
Leaf Instance Count             2189 
Physical Instance count            0 
Sequential Instance Count        489 
Combinational Instance Count    1700 
Hierarchical Instance Count       61 

Area
----
Cell Area                          8671.398
Physical Cell Area                 0.000
Total Cell Area (Cell+Physical)    8671.398
Net Area                           55.592
Total Area (Cell+Physical+Net)     8726.990

Runtime                            0.0 seconds
Elapsed Runtime                    62 seconds
Genus peak memory usage            1512.77 
Innovus peak memory usage          no_value 
Hostname                           training-quyetdt3.novalocal
