============================================================
  Generated by:           Genus(TM) Synthesis Solution 22.12-s082_1
  Generated on:           Apr 24 2026  01:14:08 pm
  Module:                 uart_apb_top
  Library domain:         slow
    Domain index:         0
    Technology libraries: gpdk045bc 
                          GPDK_IO.lib 1.1
                          physical_cells 
  Library domain:         fast
    Domain index:         1
    Technology libraries: gpdk045wc 
                          GPDK_IO.lib 1.1
                          physical_cells 
  Operating conditions:   slow 
  Operating conditions:   fast 
  Interconnect mode:      global
  Area mode:              physical library
============================================================

                                   Leakage               Library 
    Gate     Instances    Area   Power (nW)    Library    Domain 
-----------------------------------------------------------------
ADDHX4               1     7.182      1.207    gpdk045wc    fast 
ADDHXL               2     9.576      1.018    gpdk045wc    fast 
AND2X1              21    35.910      4.308    gpdk045wc    fast 
AND2X2               5    10.260      1.481    gpdk045wc    fast 
AND2X4               6    18.468      3.200    gpdk045wc    fast 
AND2X6               2     7.524      1.737    gpdk045wc    fast 
AND3X1               1     2.394      0.244    gpdk045wc    fast 
AND3X2               1     2.736      0.333    gpdk045wc    fast 
AND3X6               1     4.446      1.018    gpdk045wc    fast 
AND3XL               2     4.104      0.439    gpdk045wc    fast 
AND4X1               3     8.208      0.909    gpdk045wc    fast 
AND4XL               1     2.394      0.278    gpdk045wc    fast 
AO21X1               5    11.970      1.409    gpdk045wc    fast 
AO22XL              20    54.720      5.732    gpdk045wc    fast 
AOI211X1             2     4.788      0.769    gpdk045wc    fast 
AOI211X2             2     6.840      1.537    gpdk045wc    fast 
AOI21X1             11    22.572      3.050    gpdk045wc    fast 
AOI21X2              3     8.208      1.663    gpdk045wc    fast 
AOI21X4              1     5.130      1.109    gpdk045wc    fast 
AOI221X1             7    21.546      2.996    gpdk045wc    fast 
AOI221X2            12    53.352     10.330    gpdk045wc    fast 
AOI221X4             1     7.866      1.722    gpdk045wc    fast 
AOI222X2            25   136.800     23.791    gpdk045wc    fast 
AOI222X4             2    19.152      3.808    gpdk045wc    fast 
AOI22X1             17    40.698      5.498    gpdk045wc    fast 
AOI22X2             62   233.244     40.108    gpdk045wc    fast 
AOI22X4              3    18.468      3.881    gpdk045wc    fast 
AOI2BB1X1            8    16.416      2.507    gpdk045wc    fast 
AOI2BB2X1            2     6.840      0.899    gpdk045wc    fast 
AOI2BB2X2            2    10.260      1.526    gpdk045wc    fast 
AOI2BB2X4            3    22.572      4.374    gpdk045wc    fast 
AOI31X1              1     2.052      0.327    gpdk045wc    fast 
AOI31X2              1     3.420      0.654    gpdk045wc    fast 
AOI32X2              1     4.446      0.778    gpdk045wc    fast 
BUFX2                9    15.390      2.329    gpdk045wc    fast 
BUFX3                2     4.104      0.760    gpdk045wc    fast 
BUFX6                8    24.624      5.951    gpdk045wc    fast 
DFFRHQX2           362  2847.492    378.902    gpdk045wc    fast 
DFFRHQX4            31   296.856     43.815    gpdk045wc    fast 
DFFRHQX8             1    11.286      2.032    gpdk045wc    fast 
DFFRX2               3    25.650      3.572    gpdk045wc    fast 
DFFSHQX1             1     8.208      0.941    gpdk045wc    fast 
DFFSHQX2             7    57.456      7.341    gpdk045wc    fast 
DFFSHQX4             6    57.456      8.027    gpdk045wc    fast 
DFFSX1               4    34.200      3.845    gpdk045wc    fast 
INVX1               80    55.404      7.283    gpdk045wc    fast 
INVX12               1     3.848      1.168    gpdk045wc    fast 
INVX2               21    21.905      3.824    gpdk045wc    fast 
INVX3                6     8.362      1.639    gpdk045wc    fast 
INVX4                6    10.465      2.185    gpdk045wc    fast 
INVX6                2     4.189      1.061    gpdk045wc    fast 
INVX8                1     2.796      0.710    gpdk045wc    fast 
MX2X2                4    12.312      1.788    gpdk045wc    fast 
MX2XL                1     2.736      0.324    gpdk045wc    fast 
MXI2X1               4    10.944      1.394    gpdk045wc    fast 
NAND2BX1            29    40.416      7.491    gpdk045wc    fast 
NAND2BX2            12    25.855      5.280    gpdk045wc    fast 
NAND2BX4             9    31.473      7.498    gpdk045wc    fast 
NAND2X1             28    29.207      5.085    gpdk045wc    fast 
NAND2X2             36    62.791     13.079    gpdk045wc    fast 
NAND2X4             28    95.760     20.341    gpdk045wc    fast 
NAND2X6             19    90.972     20.382    gpdk045wc    fast 
NAND2X8             12    65.664     16.979    gpdk045wc    fast 
NAND3X1              9    15.390      2.442    gpdk045wc    fast 
NAND3X2              5    13.680      2.715    gpdk045wc    fast 
NAND3X6              2    14.364      3.202    gpdk045wc    fast 
NAND3XL              1     1.710      0.175    gpdk045wc    fast 
NAND4X2              1     3.762      0.720    gpdk045wc    fast 
NAND4X6              2    17.100      4.174    gpdk045wc    fast 
NOR2BX1             55    94.050     12.292    gpdk045wc    fast 
NOR2BX2              8    21.888      3.028    gpdk045wc    fast 
NOR2BX4             11    41.382      7.680    gpdk045wc    fast 
NOR2X1              44    60.192      7.033    gpdk045wc    fast 
NOR2X2              28    57.456      8.951    gpdk045wc    fast 
NOR2X4              35   119.700     22.377    gpdk045wc    fast 
NOR2X6              23   102.258     21.872    gpdk045wc    fast 
NOR2X8              12    65.664     15.117    gpdk045wc    fast 
NOR2XL              17    17.442      1.635    gpdk045wc    fast 
NOR3BX1              2     4.104      0.575    gpdk045wc    fast 
NOR3BX2              3    10.260      1.548    gpdk045wc    fast 
NOR3BX4              1     5.814      1.005    gpdk045wc    fast 
NOR3X1               1     1.710      0.229    gpdk045wc    fast 
NOR3X2               4    10.944      1.828    gpdk045wc    fast 
NOR3X4               1     5.130      0.914    gpdk045wc    fast 
NOR3X6               1     7.182      1.363    gpdk045wc    fast 
NOR4X2               4    13.680      2.378    gpdk045wc    fast 
OA21X1               6    14.364      1.455    gpdk045wc    fast 
OAI211X1             2     4.104      0.680    gpdk045wc    fast 
OAI211X2             1     4.104      0.680    gpdk045wc    fast 
OAI21X1              2     4.104      0.501    gpdk045wc    fast 
OAI21X2              5    15.390      2.503    gpdk045wc    fast 
OAI21X4              4    19.152      4.004    gpdk045wc    fast 
OAI221X2             1     4.788      0.817    gpdk045wc    fast 
OAI221X4             1     7.866      1.634    gpdk045wc    fast 
OAI222X2             1     5.814      0.955    gpdk045wc    fast 
OAI222X4             4    36.936      7.634    gpdk045wc    fast 
OAI22X1              3     7.182      1.039    gpdk045wc    fast 
OAI2BB1X1            4     8.208      1.182    gpdk045wc    fast 
OAI2BB2X1            1     4.104      0.492    gpdk045wc    fast 
OAI2BB2X2            1     5.472      0.831    gpdk045wc    fast 
OAI2BB2X4            1     8.550      1.582    gpdk045wc    fast 
OAI31X1              2     4.104      0.638    gpdk045wc    fast 
OAI31X4              1     6.840      1.275    gpdk045wc    fast 
OR2X1               16    27.360      3.912    gpdk045wc    fast 
OR2X2                3     6.156      1.007    gpdk045wc    fast 
OR2X4                2     6.156      1.176    gpdk045wc    fast 
OR2X6                3    12.312      2.872    gpdk045wc    fast 
OR2X8                1     4.788      1.137    gpdk045wc    fast 
OR3X1                7    14.364      2.249    gpdk045wc    fast 
OR3X2                1     2.394      0.412    gpdk045wc    fast 
OR3X4                1     3.078      0.684    gpdk045wc    fast 
OR3X6                2     9.576      2.342    gpdk045wc    fast 
OR4X1                4     9.576      1.592    gpdk045wc    fast 
OR4X2                1     3.420      0.489    gpdk045wc    fast 
SDFFRHQX1            2    19.152      2.428    gpdk045wc    fast 
SDFFRHQX2            9    89.262     11.879    gpdk045wc    fast 
SDFFRHQX4            1    12.312      1.685    gpdk045wc    fast 
SDFFSHQX2            6    65.664      7.827    gpdk045wc    fast 
SDFFSHQX4            2    24.624      3.188    gpdk045wc    fast 
SDFFSXL              1    10.602      1.083    gpdk045wc    fast 
TLATNTSCAX2         53   344.394     41.327    gpdk045wc    fast 
XNOR2X1             27    83.106     10.773    gpdk045wc    fast 
XNOR2X4              2     8.208      1.475    gpdk045wc    fast 
XNOR3X1              2    15.048      1.601    gpdk045wc    fast 
XOR2X1              58   178.524     22.102    gpdk045wc    fast 
-----------------------------------------------------------------
total             1484  6598.403    984.058              


                                                         Leakage  Leakage 
            Type             Instances   Area   Area % Power (nW) Power % 
--------------------------------------------------------------------------
sequential                         436 3560.220   54.0    476.565    48.4 
inverter                           117  106.969    1.6     17.869     1.8 
buffer                              19   44.118    0.7      9.040     0.9 
clock_gating_integrated_cell        53  344.394    5.2     41.327     4.2 
logic                              859 2542.702   38.5    439.257    44.6 
physical_cells                       0    0.000    0.0      0.000     0.0 
--------------------------------------------------------------------------
total                             1484 6598.403  100.0    984.058   100.0 

