============================================================
  Generated by:           Genus(TM) Synthesis Solution 22.12-s082_1
  Generated on:           Apr 24 2026  01:14:07 pm
  Module:                 uart_apb_top
  Library domain:         slow
    Domain index:         0
    Technology libraries: gpdk045bc 
                          GPDK_IO.lib 1.1
                          physical_cells 
  Library domain:         fast
    Domain index:         1
    Technology libraries: gpdk045wc 
                          GPDK_IO.lib 1.1
                          physical_cells 
  Operating conditions:   slow 
  Operating conditions:   fast 
  Interconnect mode:      global
  Area mode:              physical library
============================================================

   Instance                          Module                        Cell Count  Cell Area  Net Area   Total Area 
----------------------------------------------------------------------------------------------------------------
uart_apb_top                                                             1484   6598.403  1634.581     8232.984 
  u_dma        uart_dma_handshake                                          10     41.040     5.170       46.210 
  u_intf_block uart_interface_block                                        34    178.268    16.649      194.917 
  u_irq_ctrl   uart_interrupt_ctrl                                          6     12.996     1.482       14.478 
  u_uart_core  apb_uart_sv_APB_ADDR_WIDTH12_TX_FIFO_DEPTH16_RX_FI        1433   6363.363  1451.745     7815.108 
    u_rx_fifo  io_generic_fifo_DATA_WIDTH8_BUFFER_DEPTH16_LOG_BUF         393   1938.268   350.963     2289.230 
    u_tx_fifo  io_generic_fifo_DATA_WIDTH8_BUFFER_DEPTH16_LOG_BUF         357   1758.786   327.585     2086.372 
    u_uart_rx  uart_rx                                                    203    765.088   193.575      958.663 
    u_uart_tx  uart_tx                                                    158    625.475   158.566      784.041 
