============================================================
  Generated by:           Genus(TM) Synthesis Solution 22.12-s082_1
  Generated on:           Apr 24 2026  01:14:07 pm
  Module:                 uart_apb_top
  Library domain:         slow
    Domain index:         0
    Technology libraries: gpdk045bc 
                          GPDK_IO.lib 1.1
                          physical_cells 
  Library domain:         fast
    Domain index:         1
    Technology libraries: gpdk045wc 
                          GPDK_IO.lib 1.1
                          physical_cells 
  Operating conditions:   slow 
  Operating conditions:   fast 
  Interconnect mode:      global
  Area mode:              physical library
============================================================

Timing
--------

Clock Period 
-------------
CLK   2000.0 


        Cost          Critical         Violating 
       Group         Path Slack  TNS     Paths   
-------------------------------------------------
cg_enable_group_CLK        52.7   0.0          0 
CLK                    No paths   0.0            
default                No paths   0.0            
INPUTS                     34.8   0.0          0 
OUTPUTS                    62.8   0.0          0 
REG2REG                     6.1   0.0          0 
-------------------------------------------------
Total                             0.0          0 

Instance Count
--------------
Leaf Instance Count             1484 
Physical Instance count            0 
Sequential Instance Count        489 
Combinational Instance Count     995 
Hierarchical Instance Count       61 

Area
----
Cell Area                          6598.403
Physical Cell Area                 0.000
Total Cell Area (Cell+Physical)    6598.403
Net Area                           1634.581
Total Area (Cell+Physical+Net)     8232.984

Runtime                            0.0 seconds
Elapsed Runtime                    89 seconds
Genus peak memory usage            1502.46 
Innovus peak memory usage          no_value 
Hostname                           training-quyetdt3.novalocal
