============================================================
  Generated by:           Genus(TM) Synthesis Solution 22.12-s082_1
  Generated on:           Apr 24 2026  01:14:22 pm
  Module:                 uart_apb_top
  Library domain:         slow
    Domain index:         0
    Technology libraries: gpdk045bc 
                          GPDK_IO.lib 1.1
                          physical_cells 
  Library domain:         fast
    Domain index:         1
    Technology libraries: gpdk045wc 
                          GPDK_IO.lib 1.1
                          physical_cells 
  Operating conditions:   slow 
  Operating conditions:   fast 
  Interconnect mode:      global
  Area mode:              physical library
============================================================

         Pin                    Type        Fanout Load Slew Delay Arrival   
                               (Domain)            (fF) (ps)  (ps)   (ps)    
-----------------------------------------------------------------------------
(clock CLK)                 launch                                       0 R 
u_uart_core
  u_rx_fifo
    elements_regx1x/CK                                   100    +0       0 R 
    elements_regx1x/Q       DFFRHQX4(slow)       6 22.0  109  +334     334 F 
  u_rx_fifo/elements_o[1] 
  g6007__6417/AN                                                +0     334   
  g6007__6417/Y             NOR2BX2(slow)        1  5.4   70  +128     462 F 
  g5875__5526/A2                                                +0     462   
  g5875__5526/Y             OAI31X2(slow)        1  5.6  198  +129     590 R 
  g5860__6161/A                                                 +0     590   
  g5860__6161/Y             NAND2X2(slow)        2  9.3  184  +169     759 F 
  g5850__1705/A1                                                +0     759   
  g5850__1705/Y             OAI21X4(slow)        2  9.4  126  +121     880 R 
  g5849/A                                                       +0     880   
  g5849/Y                   INVX3(slow)          2 10.2   78   +83     963 F 
  g5844__5526/C0                                                +0     963   
  g5844__5526/Y             AOI211X2(slow)       1  7.0  223  +137    1100 R 
  g5839__2398/A1                                                +0    1100   
  g5839__2398/Y             AOI222X4(slow)       1  6.8  180  +175    1275 F 
  g5837__6417/B1                                                +0    1275   
  g5837__6417/Y             OAI222X4(slow)       1  6.9  176  +124    1400 R 
u_uart_core/PRDATA[0] 
PRDATA[0]              <<<  interconnect                 176    +0    1400 R 
                            out port                            +0    1400 R 
(top.sdc_line_62_80_1)      ext delay                         +400    1800 R 
- - - - - - - - - - - - - - - - - - - - - - - - - - - - - - - - - - - - - - -
(clock CLK)                 capture                                   2000 R 
                            uncertainty                       -200    1800 R 
-----------------------------------------------------------------------------
Cost Group   : 'OUTPUTS' (path_group 'top.sdc_line_83')
Timing slack :       0ps 
Start-point  : u_uart_core/u_rx_fifo/elements_regx1x/CK
End-point    : PRDATA[0]

