Renaming hnet from hnet:uart_apb_top/msr_from_intf[4] to hnet:uart_apb_top/msr_from_intfx4x
Renaming hnet from hnet:uart_apb_top/msr_from_intf[5] to hnet:uart_apb_top/msr_from_intfx5x
Renaming hnet from hnet:uart_apb_top/msr_from_intf[6] to hnet:uart_apb_top/msr_from_intfx6x
Renaming hnet from hnet:uart_apb_top/msr_from_intf[7] to hnet:uart_apb_top/msr_from_intfx7x
Renaming hnet from hnet:uart_apb_top/msr_from_intf[0] to hnet:uart_apb_top/msr_from_intfx0x
Renaming hnet from hnet:uart_apb_top/msr_from_intf[1] to hnet:uart_apb_top/msr_from_intfx1x
Renaming hnet from hnet:uart_apb_top/msr_from_intf[2] to hnet:uart_apb_top/msr_from_intfx2x
Renaming hnet from hnet:uart_apb_top/msr_from_intf[3] to hnet:uart_apb_top/msr_from_intfx3x
Renaming hnet from hnet:uart_apb_top/tx_fifo_elements[0] to hnet:uart_apb_top/tx_fifo_elementsx0x
Renaming hnet from hnet:uart_apb_top/tx_fifo_elements[1] to hnet:uart_apb_top/tx_fifo_elementsx1x
Renaming hnet from hnet:uart_apb_top/tx_fifo_elements[2] to hnet:uart_apb_top/tx_fifo_elementsx2x
Renaming hnet from hnet:uart_apb_top/tx_fifo_elements[3] to hnet:uart_apb_top/tx_fifo_elementsx3x
Renaming hnet from hnet:uart_apb_top/tx_fifo_elements[4] to hnet:uart_apb_top/tx_fifo_elementsx4x
Renaming hnet from hnet:uart_apb_top/rx_fifo_elements[0] to hnet:uart_apb_top/rx_fifo_elementsx0x
Renaming hnet from hnet:uart_apb_top/rx_fifo_elements[1] to hnet:uart_apb_top/rx_fifo_elementsx1x
Renaming hnet from hnet:uart_apb_top/rx_fifo_elements[2] to hnet:uart_apb_top/rx_fifo_elementsx2x
Renaming hnet from hnet:uart_apb_top/rx_fifo_elements[3] to hnet:uart_apb_top/rx_fifo_elementsx3x
Renaming hnet from hnet:uart_apb_top/rx_fifo_elements[4] to hnet:uart_apb_top/rx_fifo_elementsx4x
Renaming hnet from hnet:uart_apb_top/ier_bits[0] to hnet:uart_apb_top/ier_bitsx0x
Renaming hnet from hnet:uart_apb_top/ier_bits[1] to hnet:uart_apb_top/ier_bitsx1x
Renaming hnet from hnet:uart_apb_top/ier_bits[2] to hnet:uart_apb_top/ier_bitsx2x
Renaming hnet from hnet:uart_apb_top/ier_bits[3] to hnet:uart_apb_top/ier_bitsx3x
Renaming hnet from hnet:uart_apb_top/iir_out[0] to hnet:uart_apb_top/iir_outx0x
Renaming hnet from hnet:uart_apb_top/iir_out[1] to hnet:uart_apb_top/iir_outx1x
Renaming hnet from hnet:uart_apb_top/iir_out[2] to hnet:uart_apb_top/iir_outx2x
Renaming hnet from hnet:uart_apb_top/iir_out[3] to hnet:uart_apb_top/iir_outx3x
Renaming hnet from hnet:uart_apb_top/tx_dma_threshold[0] to hnet:uart_apb_top/tx_dma_thresholdx0x
Renaming hnet from hnet:uart_apb_top/tx_dma_threshold[1] to hnet:uart_apb_top/tx_dma_thresholdx1x
Renaming hnet from hnet:uart_apb_top/tx_dma_threshold[2] to hnet:uart_apb_top/tx_dma_thresholdx2x
Renaming hnet from hnet:uart_apb_top/tx_dma_threshold[3] to hnet:uart_apb_top/tx_dma_thresholdx3x
Renaming hnet from hnet:uart_apb_top/tx_dma_threshold[4] to hnet:uart_apb_top/tx_dma_thresholdx4x
Renaming hnet from hnet:uart_apb_top/rx_dma_threshold[0] to hnet:uart_apb_top/rx_dma_thresholdx0x
Renaming hnet from hnet:uart_apb_top/rx_dma_threshold[1] to hnet:uart_apb_top/rx_dma_thresholdx1x
Renaming hnet from hnet:uart_apb_top/rx_dma_threshold[2] to hnet:uart_apb_top/rx_dma_thresholdx2x
Renaming hnet from hnet:uart_apb_top/rx_dma_threshold[3] to hnet:uart_apb_top/rx_dma_thresholdx3x
Renaming hnet from hnet:uart_apb_top/rx_dma_threshold[4] to hnet:uart_apb_top/rx_dma_thresholdx4x
Renaming hnet from hnet:apb_uart_sv_APB_ADDR_WIDTH12_TX_FIFO_DEPTH16_RX_FIFO_DEPTH16/DLL_q[0] to hnet:apb_uart_sv_APB_ADDR_WIDTH12_TX_FIFO_DEPTH16_RX_FIFO_DEPTH16/DLL_qx0x
Renaming hnet from hnet:apb_uart_sv_APB_ADDR_WIDTH12_TX_FIFO_DEPTH16_RX_FIFO_DEPTH16/DLL_q[1] to hnet:apb_uart_sv_APB_ADDR_WIDTH12_TX_FIFO_DEPTH16_RX_FIFO_DEPTH16/DLL_qx1x
Renaming hnet from hnet:apb_uart_sv_APB_ADDR_WIDTH12_TX_FIFO_DEPTH16_RX_FIFO_DEPTH16/DLL_q[2] to hnet:apb_uart_sv_APB_ADDR_WIDTH12_TX_FIFO_DEPTH16_RX_FIFO_DEPTH16/DLL_qx2x
Renaming hnet from hnet:apb_uart_sv_APB_ADDR_WIDTH12_TX_FIFO_DEPTH16_RX_FIFO_DEPTH16/DLL_q[3] to hnet:apb_uart_sv_APB_ADDR_WIDTH12_TX_FIFO_DEPTH16_RX_FIFO_DEPTH16/DLL_qx3x
Renaming hnet from hnet:apb_uart_sv_APB_ADDR_WIDTH12_TX_FIFO_DEPTH16_RX_FIFO_DEPTH16/DLL_q[4] to hnet:apb_uart_sv_APB_ADDR_WIDTH12_TX_FIFO_DEPTH16_RX_FIFO_DEPTH16/DLL_qx4x
Renaming hnet from hnet:apb_uart_sv_APB_ADDR_WIDTH12_TX_FIFO_DEPTH16_RX_FIFO_DEPTH16/DLL_q[5] to hnet:apb_uart_sv_APB_ADDR_WIDTH12_TX_FIFO_DEPTH16_RX_FIFO_DEPTH16/DLL_qx5x
Renaming hnet from hnet:apb_uart_sv_APB_ADDR_WIDTH12_TX_FIFO_DEPTH16_RX_FIFO_DEPTH16/DLL_q[6] to hnet:apb_uart_sv_APB_ADDR_WIDTH12_TX_FIFO_DEPTH16_RX_FIFO_DEPTH16/DLL_qx6x
Renaming hnet from hnet:apb_uart_sv_APB_ADDR_WIDTH12_TX_FIFO_DEPTH16_RX_FIFO_DEPTH16/DLL_q[7] to hnet:apb_uart_sv_APB_ADDR_WIDTH12_TX_FIFO_DEPTH16_RX_FIFO_DEPTH16/DLL_qx7x
Renaming hnet from hnet:apb_uart_sv_APB_ADDR_WIDTH12_TX_FIFO_DEPTH16_RX_FIFO_DEPTH16/DLM_q[0] to hnet:apb_uart_sv_APB_ADDR_WIDTH12_TX_FIFO_DEPTH16_RX_FIFO_DEPTH16/DLM_qx0x
Renaming hnet from hnet:apb_uart_sv_APB_ADDR_WIDTH12_TX_FIFO_DEPTH16_RX_FIFO_DEPTH16/DLM_q[1] to hnet:apb_uart_sv_APB_ADDR_WIDTH12_TX_FIFO_DEPTH16_RX_FIFO_DEPTH16/DLM_qx1x
Renaming hnet from hnet:apb_uart_sv_APB_ADDR_WIDTH12_TX_FIFO_DEPTH16_RX_FIFO_DEPTH16/DLM_q[2] to hnet:apb_uart_sv_APB_ADDR_WIDTH12_TX_FIFO_DEPTH16_RX_FIFO_DEPTH16/DLM_qx2x
Renaming hnet from hnet:apb_uart_sv_APB_ADDR_WIDTH12_TX_FIFO_DEPTH16_RX_FIFO_DEPTH16/DLM_q[3] to hnet:apb_uart_sv_APB_ADDR_WIDTH12_TX_FIFO_DEPTH16_RX_FIFO_DEPTH16/DLM_qx3x
Renaming hnet from hnet:apb_uart_sv_APB_ADDR_WIDTH12_TX_FIFO_DEPTH16_RX_FIFO_DEPTH16/DLM_q[4] to hnet:apb_uart_sv_APB_ADDR_WIDTH12_TX_FIFO_DEPTH16_RX_FIFO_DEPTH16/DLM_qx4x
Renaming hnet from hnet:apb_uart_sv_APB_ADDR_WIDTH12_TX_FIFO_DEPTH16_RX_FIFO_DEPTH16/DLM_q[5] to hnet:apb_uart_sv_APB_ADDR_WIDTH12_TX_FIFO_DEPTH16_RX_FIFO_DEPTH16/DLM_qx5x
Renaming hnet from hnet:apb_uart_sv_APB_ADDR_WIDTH12_TX_FIFO_DEPTH16_RX_FIFO_DEPTH16/DLM_q[6] to hnet:apb_uart_sv_APB_ADDR_WIDTH12_TX_FIFO_DEPTH16_RX_FIFO_DEPTH16/DLM_qx6x
Renaming hnet from hnet:apb_uart_sv_APB_ADDR_WIDTH12_TX_FIFO_DEPTH16_RX_FIFO_DEPTH16/DLM_q[7] to hnet:apb_uart_sv_APB_ADDR_WIDTH12_TX_FIFO_DEPTH16_RX_FIFO_DEPTH16/DLM_qx7x
Renaming hnet from hnet:apb_uart_sv_APB_ADDR_WIDTH12_TX_FIFO_DEPTH16_RX_FIFO_DEPTH16/IER_q[4] to hnet:apb_uart_sv_APB_ADDR_WIDTH12_TX_FIFO_DEPTH16_RX_FIFO_DEPTH16/IER_qx4x
Renaming hnet from hnet:apb_uart_sv_APB_ADDR_WIDTH12_TX_FIFO_DEPTH16_RX_FIFO_DEPTH16/IER_q[5] to hnet:apb_uart_sv_APB_ADDR_WIDTH12_TX_FIFO_DEPTH16_RX_FIFO_DEPTH16/IER_qx5x
Renaming hnet from hnet:apb_uart_sv_APB_ADDR_WIDTH12_TX_FIFO_DEPTH16_RX_FIFO_DEPTH16/IER_q[6] to hnet:apb_uart_sv_APB_ADDR_WIDTH12_TX_FIFO_DEPTH16_RX_FIFO_DEPTH16/IER_qx6x
Renaming hnet from hnet:apb_uart_sv_APB_ADDR_WIDTH12_TX_FIFO_DEPTH16_RX_FIFO_DEPTH16/IER_q[7] to hnet:apb_uart_sv_APB_ADDR_WIDTH12_TX_FIFO_DEPTH16_RX_FIFO_DEPTH16/IER_qx7x
Renaming hnet from hnet:apb_uart_sv_APB_ADDR_WIDTH12_TX_FIFO_DEPTH16_RX_FIFO_DEPTH16/FCR_q[6] to hnet:apb_uart_sv_APB_ADDR_WIDTH12_TX_FIFO_DEPTH16_RX_FIFO_DEPTH16/FCR_qx6x
Renaming hnet from hnet:apb_uart_sv_APB_ADDR_WIDTH12_TX_FIFO_DEPTH16_RX_FIFO_DEPTH16/FCR_q[7] to hnet:apb_uart_sv_APB_ADDR_WIDTH12_TX_FIFO_DEPTH16_RX_FIFO_DEPTH16/FCR_qx7x
Renaming hnet from hnet:apb_uart_sv_APB_ADDR_WIDTH12_TX_FIFO_DEPTH16_RX_FIFO_DEPTH16/LCR_q[0] to hnet:apb_uart_sv_APB_ADDR_WIDTH12_TX_FIFO_DEPTH16_RX_FIFO_DEPTH16/LCR_qx0x
Renaming hnet from hnet:apb_uart_sv_APB_ADDR_WIDTH12_TX_FIFO_DEPTH16_RX_FIFO_DEPTH16/LCR_q[1] to hnet:apb_uart_sv_APB_ADDR_WIDTH12_TX_FIFO_DEPTH16_RX_FIFO_DEPTH16/LCR_qx1x
Renaming hnet from hnet:apb_uart_sv_APB_ADDR_WIDTH12_TX_FIFO_DEPTH16_RX_FIFO_DEPTH16/LCR_q[2] to hnet:apb_uart_sv_APB_ADDR_WIDTH12_TX_FIFO_DEPTH16_RX_FIFO_DEPTH16/LCR_qx2x
Renaming hnet from hnet:apb_uart_sv_APB_ADDR_WIDTH12_TX_FIFO_DEPTH16_RX_FIFO_DEPTH16/LCR_q[3] to hnet:apb_uart_sv_APB_ADDR_WIDTH12_TX_FIFO_DEPTH16_RX_FIFO_DEPTH16/LCR_qx3x
Renaming hnet from hnet:apb_uart_sv_APB_ADDR_WIDTH12_TX_FIFO_DEPTH16_RX_FIFO_DEPTH16/LCR_q[4] to hnet:apb_uart_sv_APB_ADDR_WIDTH12_TX_FIFO_DEPTH16_RX_FIFO_DEPTH16/LCR_qx4x
Renaming hnet from hnet:apb_uart_sv_APB_ADDR_WIDTH12_TX_FIFO_DEPTH16_RX_FIFO_DEPTH16/LCR_q[5] to hnet:apb_uart_sv_APB_ADDR_WIDTH12_TX_FIFO_DEPTH16_RX_FIFO_DEPTH16/LCR_qx5x
Renaming hnet from hnet:apb_uart_sv_APB_ADDR_WIDTH12_TX_FIFO_DEPTH16_RX_FIFO_DEPTH16/LCR_q[6] to hnet:apb_uart_sv_APB_ADDR_WIDTH12_TX_FIFO_DEPTH16_RX_FIFO_DEPTH16/LCR_qx6x
Renaming hnet from hnet:apb_uart_sv_APB_ADDR_WIDTH12_TX_FIFO_DEPTH16_RX_FIFO_DEPTH16/LCR_q[7] to hnet:apb_uart_sv_APB_ADDR_WIDTH12_TX_FIFO_DEPTH16_RX_FIFO_DEPTH16/LCR_qx7x
Renaming hnet from hnet:apb_uart_sv_APB_ADDR_WIDTH12_TX_FIFO_DEPTH16_RX_FIFO_DEPTH16/SCR_q[0] to hnet:apb_uart_sv_APB_ADDR_WIDTH12_TX_FIFO_DEPTH16_RX_FIFO_DEPTH16/SCR_qx0x
Renaming hnet from hnet:apb_uart_sv_APB_ADDR_WIDTH12_TX_FIFO_DEPTH16_RX_FIFO_DEPTH16/SCR_q[1] to hnet:apb_uart_sv_APB_ADDR_WIDTH12_TX_FIFO_DEPTH16_RX_FIFO_DEPTH16/SCR_qx1x
Renaming hnet from hnet:apb_uart_sv_APB_ADDR_WIDTH12_TX_FIFO_DEPTH16_RX_FIFO_DEPTH16/SCR_q[2] to hnet:apb_uart_sv_APB_ADDR_WIDTH12_TX_FIFO_DEPTH16_RX_FIFO_DEPTH16/SCR_qx2x
Renaming hnet from hnet:apb_uart_sv_APB_ADDR_WIDTH12_TX_FIFO_DEPTH16_RX_FIFO_DEPTH16/SCR_q[3] to hnet:apb_uart_sv_APB_ADDR_WIDTH12_TX_FIFO_DEPTH16_RX_FIFO_DEPTH16/SCR_qx3x
Renaming hnet from hnet:apb_uart_sv_APB_ADDR_WIDTH12_TX_FIFO_DEPTH16_RX_FIFO_DEPTH16/SCR_q[4] to hnet:apb_uart_sv_APB_ADDR_WIDTH12_TX_FIFO_DEPTH16_RX_FIFO_DEPTH16/SCR_qx4x
Renaming hnet from hnet:apb_uart_sv_APB_ADDR_WIDTH12_TX_FIFO_DEPTH16_RX_FIFO_DEPTH16/SCR_q[5] to hnet:apb_uart_sv_APB_ADDR_WIDTH12_TX_FIFO_DEPTH16_RX_FIFO_DEPTH16/SCR_qx5x
Renaming hnet from hnet:apb_uart_sv_APB_ADDR_WIDTH12_TX_FIFO_DEPTH16_RX_FIFO_DEPTH16/SCR_q[6] to hnet:apb_uart_sv_APB_ADDR_WIDTH12_TX_FIFO_DEPTH16_RX_FIFO_DEPTH16/SCR_qx6x
Renaming hnet from hnet:apb_uart_sv_APB_ADDR_WIDTH12_TX_FIFO_DEPTH16_RX_FIFO_DEPTH16/SCR_q[7] to hnet:apb_uart_sv_APB_ADDR_WIDTH12_TX_FIFO_DEPTH16_RX_FIFO_DEPTH16/SCR_qx7x
Renaming hnet from hnet:apb_uart_sv_APB_ADDR_WIDTH12_TX_FIFO_DEPTH16_RX_FIFO_DEPTH16/rx_timeout_cnt[0] to hnet:apb_uart_sv_APB_ADDR_WIDTH12_TX_FIFO_DEPTH16_RX_FIFO_DEPTH16/rx_timeout_cntx0x
Renaming hnet from hnet:apb_uart_sv_APB_ADDR_WIDTH12_TX_FIFO_DEPTH16_RX_FIFO_DEPTH16/rx_timeout_cnt[1] to hnet:apb_uart_sv_APB_ADDR_WIDTH12_TX_FIFO_DEPTH16_RX_FIFO_DEPTH16/rx_timeout_cntx1x
Renaming hnet from hnet:apb_uart_sv_APB_ADDR_WIDTH12_TX_FIFO_DEPTH16_RX_FIFO_DEPTH16/rx_timeout_cnt[2] to hnet:apb_uart_sv_APB_ADDR_WIDTH12_TX_FIFO_DEPTH16_RX_FIFO_DEPTH16/rx_timeout_cntx2x
Renaming hnet from hnet:apb_uart_sv_APB_ADDR_WIDTH12_TX_FIFO_DEPTH16_RX_FIFO_DEPTH16/rx_timeout_cnt[3] to hnet:apb_uart_sv_APB_ADDR_WIDTH12_TX_FIFO_DEPTH16_RX_FIFO_DEPTH16/rx_timeout_cntx3x
Renaming hnet from hnet:apb_uart_sv_APB_ADDR_WIDTH12_TX_FIFO_DEPTH16_RX_FIFO_DEPTH16/rx_timeout_cnt[4] to hnet:apb_uart_sv_APB_ADDR_WIDTH12_TX_FIFO_DEPTH16_RX_FIFO_DEPTH16/rx_timeout_cntx4x
Renaming hnet from hnet:apb_uart_sv_APB_ADDR_WIDTH12_TX_FIFO_DEPTH16_RX_FIFO_DEPTH16/rx_timeout_cnt[5] to hnet:apb_uart_sv_APB_ADDR_WIDTH12_TX_FIFO_DEPTH16_RX_FIFO_DEPTH16/rx_timeout_cntx5x
Renaming hnet from hnet:apb_uart_sv_APB_ADDR_WIDTH12_TX_FIFO_DEPTH16_RX_FIFO_DEPTH16/rx_timeout_cnt[6] to hnet:apb_uart_sv_APB_ADDR_WIDTH12_TX_FIFO_DEPTH16_RX_FIFO_DEPTH16/rx_timeout_cntx6x
Renaming hnet from hnet:apb_uart_sv_APB_ADDR_WIDTH12_TX_FIFO_DEPTH16_RX_FIFO_DEPTH16/rx_timeout_cnt[7] to hnet:apb_uart_sv_APB_ADDR_WIDTH12_TX_FIFO_DEPTH16_RX_FIFO_DEPTH16/rx_timeout_cntx7x
Renaming hnet from hnet:apb_uart_sv_APB_ADDR_WIDTH12_TX_FIFO_DEPTH16_RX_FIFO_DEPTH16/rx_timeout_cnt[8] to hnet:apb_uart_sv_APB_ADDR_WIDTH12_TX_FIFO_DEPTH16_RX_FIFO_DEPTH16/rx_timeout_cntx8x
Renaming hnet from hnet:apb_uart_sv_APB_ADDR_WIDTH12_TX_FIFO_DEPTH16_RX_FIFO_DEPTH16/rx_timeout_cnt[9] to hnet:apb_uart_sv_APB_ADDR_WIDTH12_TX_FIFO_DEPTH16_RX_FIFO_DEPTH16/rx_timeout_cntx9x
Renaming hnet from hnet:apb_uart_sv_APB_ADDR_WIDTH12_TX_FIFO_DEPTH16_RX_FIFO_DEPTH16/rx_timeout_cnt[10] to hnet:apb_uart_sv_APB_ADDR_WIDTH12_TX_FIFO_DEPTH16_RX_FIFO_DEPTH16/rx_timeout_cntx10x
Renaming hnet from hnet:apb_uart_sv_APB_ADDR_WIDTH12_TX_FIFO_DEPTH16_RX_FIFO_DEPTH16/rx_timeout_cnt[11] to hnet:apb_uart_sv_APB_ADDR_WIDTH12_TX_FIFO_DEPTH16_RX_FIFO_DEPTH16/rx_timeout_cntx11x
Renaming hnet from hnet:apb_uart_sv_APB_ADDR_WIDTH12_TX_FIFO_DEPTH16_RX_FIFO_DEPTH16/rx_timeout_cnt[12] to hnet:apb_uart_sv_APB_ADDR_WIDTH12_TX_FIFO_DEPTH16_RX_FIFO_DEPTH16/rx_timeout_cntx12x
Renaming hnet from hnet:apb_uart_sv_APB_ADDR_WIDTH12_TX_FIFO_DEPTH16_RX_FIFO_DEPTH16/rx_timeout_cnt[13] to hnet:apb_uart_sv_APB_ADDR_WIDTH12_TX_FIFO_DEPTH16_RX_FIFO_DEPTH16/rx_timeout_cntx13x
Renaming hnet from hnet:apb_uart_sv_APB_ADDR_WIDTH12_TX_FIFO_DEPTH16_RX_FIFO_DEPTH16/rx_timeout_cnt[14] to hnet:apb_uart_sv_APB_ADDR_WIDTH12_TX_FIFO_DEPTH16_RX_FIFO_DEPTH16/rx_timeout_cntx14x
Renaming hnet from hnet:apb_uart_sv_APB_ADDR_WIDTH12_TX_FIFO_DEPTH16_RX_FIFO_DEPTH16/rx_timeout_cnt[15] to hnet:apb_uart_sv_APB_ADDR_WIDTH12_TX_FIFO_DEPTH16_RX_FIFO_DEPTH16/rx_timeout_cntx15x
Renaming hnet from hnet:apb_uart_sv_APB_ADDR_WIDTH12_TX_FIFO_DEPTH16_RX_FIFO_DEPTH16/cfg_div[0] to hnet:apb_uart_sv_APB_ADDR_WIDTH12_TX_FIFO_DEPTH16_RX_FIFO_DEPTH16/cfg_divx0x
Renaming hnet from hnet:apb_uart_sv_APB_ADDR_WIDTH12_TX_FIFO_DEPTH16_RX_FIFO_DEPTH16/cfg_div[1] to hnet:apb_uart_sv_APB_ADDR_WIDTH12_TX_FIFO_DEPTH16_RX_FIFO_DEPTH16/cfg_divx1x
Renaming hnet from hnet:apb_uart_sv_APB_ADDR_WIDTH12_TX_FIFO_DEPTH16_RX_FIFO_DEPTH16/cfg_div[2] to hnet:apb_uart_sv_APB_ADDR_WIDTH12_TX_FIFO_DEPTH16_RX_FIFO_DEPTH16/cfg_divx2x
Renaming hnet from hnet:apb_uart_sv_APB_ADDR_WIDTH12_TX_FIFO_DEPTH16_RX_FIFO_DEPTH16/cfg_div[3] to hnet:apb_uart_sv_APB_ADDR_WIDTH12_TX_FIFO_DEPTH16_RX_FIFO_DEPTH16/cfg_divx3x
Renaming hnet from hnet:apb_uart_sv_APB_ADDR_WIDTH12_TX_FIFO_DEPTH16_RX_FIFO_DEPTH16/cfg_div[4] to hnet:apb_uart_sv_APB_ADDR_WIDTH12_TX_FIFO_DEPTH16_RX_FIFO_DEPTH16/cfg_divx4x
Renaming hnet from hnet:apb_uart_sv_APB_ADDR_WIDTH12_TX_FIFO_DEPTH16_RX_FIFO_DEPTH16/cfg_div[5] to hnet:apb_uart_sv_APB_ADDR_WIDTH12_TX_FIFO_DEPTH16_RX_FIFO_DEPTH16/cfg_divx5x
Renaming hnet from hnet:apb_uart_sv_APB_ADDR_WIDTH12_TX_FIFO_DEPTH16_RX_FIFO_DEPTH16/cfg_div[6] to hnet:apb_uart_sv_APB_ADDR_WIDTH12_TX_FIFO_DEPTH16_RX_FIFO_DEPTH16/cfg_divx6x
Renaming hnet from hnet:apb_uart_sv_APB_ADDR_WIDTH12_TX_FIFO_DEPTH16_RX_FIFO_DEPTH16/cfg_div[7] to hnet:apb_uart_sv_APB_ADDR_WIDTH12_TX_FIFO_DEPTH16_RX_FIFO_DEPTH16/cfg_divx7x
Renaming hnet from hnet:apb_uart_sv_APB_ADDR_WIDTH12_TX_FIFO_DEPTH16_RX_FIFO_DEPTH16/cfg_div[8] to hnet:apb_uart_sv_APB_ADDR_WIDTH12_TX_FIFO_DEPTH16_RX_FIFO_DEPTH16/cfg_divx8x
Renaming hnet from hnet:apb_uart_sv_APB_ADDR_WIDTH12_TX_FIFO_DEPTH16_RX_FIFO_DEPTH16/cfg_div[9] to hnet:apb_uart_sv_APB_ADDR_WIDTH12_TX_FIFO_DEPTH16_RX_FIFO_DEPTH16/cfg_divx9x
Renaming hnet from hnet:apb_uart_sv_APB_ADDR_WIDTH12_TX_FIFO_DEPTH16_RX_FIFO_DEPTH16/cfg_div[10] to hnet:apb_uart_sv_APB_ADDR_WIDTH12_TX_FIFO_DEPTH16_RX_FIFO_DEPTH16/cfg_divx10x
Renaming hnet from hnet:apb_uart_sv_APB_ADDR_WIDTH12_TX_FIFO_DEPTH16_RX_FIFO_DEPTH16/cfg_div[11] to hnet:apb_uart_sv_APB_ADDR_WIDTH12_TX_FIFO_DEPTH16_RX_FIFO_DEPTH16/cfg_divx11x
Renaming hnet from hnet:apb_uart_sv_APB_ADDR_WIDTH12_TX_FIFO_DEPTH16_RX_FIFO_DEPTH16/cfg_div[12] to hnet:apb_uart_sv_APB_ADDR_WIDTH12_TX_FIFO_DEPTH16_RX_FIFO_DEPTH16/cfg_divx12x
Renaming hnet from hnet:apb_uart_sv_APB_ADDR_WIDTH12_TX_FIFO_DEPTH16_RX_FIFO_DEPTH16/cfg_div[13] to hnet:apb_uart_sv_APB_ADDR_WIDTH12_TX_FIFO_DEPTH16_RX_FIFO_DEPTH16/cfg_divx13x
Renaming hnet from hnet:apb_uart_sv_APB_ADDR_WIDTH12_TX_FIFO_DEPTH16_RX_FIFO_DEPTH16/cfg_div[14] to hnet:apb_uart_sv_APB_ADDR_WIDTH12_TX_FIFO_DEPTH16_RX_FIFO_DEPTH16/cfg_divx14x
Renaming hnet from hnet:apb_uart_sv_APB_ADDR_WIDTH12_TX_FIFO_DEPTH16_RX_FIFO_DEPTH16/cfg_div[15] to hnet:apb_uart_sv_APB_ADDR_WIDTH12_TX_FIFO_DEPTH16_RX_FIFO_DEPTH16/cfg_divx15x
Renaming hnet from hnet:apb_uart_sv_APB_ADDR_WIDTH12_TX_FIFO_DEPTH16_RX_FIFO_DEPTH16/rx_trigger[0] to hnet:apb_uart_sv_APB_ADDR_WIDTH12_TX_FIFO_DEPTH16_RX_FIFO_DEPTH16/rx_triggerx0x
Renaming hnet from hnet:apb_uart_sv_APB_ADDR_WIDTH12_TX_FIFO_DEPTH16_RX_FIFO_DEPTH16/rx_trigger[1] to hnet:apb_uart_sv_APB_ADDR_WIDTH12_TX_FIFO_DEPTH16_RX_FIFO_DEPTH16/rx_triggerx1x
Renaming hnet from hnet:apb_uart_sv_APB_ADDR_WIDTH12_TX_FIFO_DEPTH16_RX_FIFO_DEPTH16/rx_trigger[2] to hnet:apb_uart_sv_APB_ADDR_WIDTH12_TX_FIFO_DEPTH16_RX_FIFO_DEPTH16/rx_triggerx2x
Renaming hnet from hnet:apb_uart_sv_APB_ADDR_WIDTH12_TX_FIFO_DEPTH16_RX_FIFO_DEPTH16/rx_trigger[3] to hnet:apb_uart_sv_APB_ADDR_WIDTH12_TX_FIFO_DEPTH16_RX_FIFO_DEPTH16/rx_triggerx3x
Renaming hnet from hnet:apb_uart_sv_APB_ADDR_WIDTH12_TX_FIFO_DEPTH16_RX_FIFO_DEPTH16/IIR_q[0] to hnet:apb_uart_sv_APB_ADDR_WIDTH12_TX_FIFO_DEPTH16_RX_FIFO_DEPTH16/IIR_qx0x
Renaming hnet from hnet:apb_uart_sv_APB_ADDR_WIDTH12_TX_FIFO_DEPTH16_RX_FIFO_DEPTH16/IIR_q[1] to hnet:apb_uart_sv_APB_ADDR_WIDTH12_TX_FIFO_DEPTH16_RX_FIFO_DEPTH16/IIR_qx1x
Renaming hnet from hnet:apb_uart_sv_APB_ADDR_WIDTH12_TX_FIFO_DEPTH16_RX_FIFO_DEPTH16/IIR_q[2] to hnet:apb_uart_sv_APB_ADDR_WIDTH12_TX_FIFO_DEPTH16_RX_FIFO_DEPTH16/IIR_qx2x
Renaming hnet from hnet:apb_uart_sv_APB_ADDR_WIDTH12_TX_FIFO_DEPTH16_RX_FIFO_DEPTH16/IIR_q[3] to hnet:apb_uart_sv_APB_ADDR_WIDTH12_TX_FIFO_DEPTH16_RX_FIFO_DEPTH16/IIR_qx3x
Renaming hnet from hnet:apb_uart_sv_APB_ADDR_WIDTH12_TX_FIFO_DEPTH16_RX_FIFO_DEPTH16/rx_fifo_data_o[0] to hnet:apb_uart_sv_APB_ADDR_WIDTH12_TX_FIFO_DEPTH16_RX_FIFO_DEPTH16/rx_fifo_data_ox0x
Renaming hnet from hnet:apb_uart_sv_APB_ADDR_WIDTH12_TX_FIFO_DEPTH16_RX_FIFO_DEPTH16/rx_fifo_data_o[1] to hnet:apb_uart_sv_APB_ADDR_WIDTH12_TX_FIFO_DEPTH16_RX_FIFO_DEPTH16/rx_fifo_data_ox1x
Renaming hnet from hnet:apb_uart_sv_APB_ADDR_WIDTH12_TX_FIFO_DEPTH16_RX_FIFO_DEPTH16/rx_fifo_data_o[2] to hnet:apb_uart_sv_APB_ADDR_WIDTH12_TX_FIFO_DEPTH16_RX_FIFO_DEPTH16/rx_fifo_data_ox2x
Renaming hnet from hnet:apb_uart_sv_APB_ADDR_WIDTH12_TX_FIFO_DEPTH16_RX_FIFO_DEPTH16/rx_fifo_data_o[3] to hnet:apb_uart_sv_APB_ADDR_WIDTH12_TX_FIFO_DEPTH16_RX_FIFO_DEPTH16/rx_fifo_data_ox3x
Renaming hnet from hnet:apb_uart_sv_APB_ADDR_WIDTH12_TX_FIFO_DEPTH16_RX_FIFO_DEPTH16/rx_fifo_data_o[4] to hnet:apb_uart_sv_APB_ADDR_WIDTH12_TX_FIFO_DEPTH16_RX_FIFO_DEPTH16/rx_fifo_data_ox4x
Renaming hnet from hnet:apb_uart_sv_APB_ADDR_WIDTH12_TX_FIFO_DEPTH16_RX_FIFO_DEPTH16/rx_fifo_data_o[5] to hnet:apb_uart_sv_APB_ADDR_WIDTH12_TX_FIFO_DEPTH16_RX_FIFO_DEPTH16/rx_fifo_data_ox5x
Renaming hnet from hnet:apb_uart_sv_APB_ADDR_WIDTH12_TX_FIFO_DEPTH16_RX_FIFO_DEPTH16/rx_fifo_data_o[6] to hnet:apb_uart_sv_APB_ADDR_WIDTH12_TX_FIFO_DEPTH16_RX_FIFO_DEPTH16/rx_fifo_data_ox6x
Renaming hnet from hnet:apb_uart_sv_APB_ADDR_WIDTH12_TX_FIFO_DEPTH16_RX_FIFO_DEPTH16/rx_fifo_data_o[7] to hnet:apb_uart_sv_APB_ADDR_WIDTH12_TX_FIFO_DEPTH16_RX_FIFO_DEPTH16/rx_fifo_data_ox7x
Renaming hnet from hnet:apb_uart_sv_APB_ADDR_WIDTH12_TX_FIFO_DEPTH16_RX_FIFO_DEPTH16/tx_fifo_data_o[0] to hnet:apb_uart_sv_APB_ADDR_WIDTH12_TX_FIFO_DEPTH16_RX_FIFO_DEPTH16/tx_fifo_data_ox0x
Renaming hnet from hnet:apb_uart_sv_APB_ADDR_WIDTH12_TX_FIFO_DEPTH16_RX_FIFO_DEPTH16/tx_fifo_data_o[1] to hnet:apb_uart_sv_APB_ADDR_WIDTH12_TX_FIFO_DEPTH16_RX_FIFO_DEPTH16/tx_fifo_data_ox1x
Renaming hnet from hnet:apb_uart_sv_APB_ADDR_WIDTH12_TX_FIFO_DEPTH16_RX_FIFO_DEPTH16/tx_fifo_data_o[2] to hnet:apb_uart_sv_APB_ADDR_WIDTH12_TX_FIFO_DEPTH16_RX_FIFO_DEPTH16/tx_fifo_data_ox2x
Renaming hnet from hnet:apb_uart_sv_APB_ADDR_WIDTH12_TX_FIFO_DEPTH16_RX_FIFO_DEPTH16/tx_fifo_data_o[3] to hnet:apb_uart_sv_APB_ADDR_WIDTH12_TX_FIFO_DEPTH16_RX_FIFO_DEPTH16/tx_fifo_data_ox3x
Renaming hnet from hnet:apb_uart_sv_APB_ADDR_WIDTH12_TX_FIFO_DEPTH16_RX_FIFO_DEPTH16/tx_fifo_data_o[4] to hnet:apb_uart_sv_APB_ADDR_WIDTH12_TX_FIFO_DEPTH16_RX_FIFO_DEPTH16/tx_fifo_data_ox4x
Renaming hnet from hnet:apb_uart_sv_APB_ADDR_WIDTH12_TX_FIFO_DEPTH16_RX_FIFO_DEPTH16/tx_fifo_data_o[5] to hnet:apb_uart_sv_APB_ADDR_WIDTH12_TX_FIFO_DEPTH16_RX_FIFO_DEPTH16/tx_fifo_data_ox5x
Renaming hnet from hnet:apb_uart_sv_APB_ADDR_WIDTH12_TX_FIFO_DEPTH16_RX_FIFO_DEPTH16/tx_fifo_data_o[6] to hnet:apb_uart_sv_APB_ADDR_WIDTH12_TX_FIFO_DEPTH16_RX_FIFO_DEPTH16/tx_fifo_data_ox6x
Renaming hnet from hnet:apb_uart_sv_APB_ADDR_WIDTH12_TX_FIFO_DEPTH16_RX_FIFO_DEPTH16/tx_fifo_data_o[7] to hnet:apb_uart_sv_APB_ADDR_WIDTH12_TX_FIFO_DEPTH16_RX_FIFO_DEPTH16/tx_fifo_data_ox7x
Renaming hnet from hnet:apb_uart_sv_APB_ADDR_WIDTH12_TX_FIFO_DEPTH16_RX_FIFO_DEPTH16/rx_uart_data[0] to hnet:apb_uart_sv_APB_ADDR_WIDTH12_TX_FIFO_DEPTH16_RX_FIFO_DEPTH16/rx_uart_datax0x
Renaming hnet from hnet:apb_uart_sv_APB_ADDR_WIDTH12_TX_FIFO_DEPTH16_RX_FIFO_DEPTH16/rx_uart_data[1] to hnet:apb_uart_sv_APB_ADDR_WIDTH12_TX_FIFO_DEPTH16_RX_FIFO_DEPTH16/rx_uart_datax1x
Renaming hnet from hnet:apb_uart_sv_APB_ADDR_WIDTH12_TX_FIFO_DEPTH16_RX_FIFO_DEPTH16/rx_uart_data[2] to hnet:apb_uart_sv_APB_ADDR_WIDTH12_TX_FIFO_DEPTH16_RX_FIFO_DEPTH16/rx_uart_datax2x
Renaming hnet from hnet:apb_uart_sv_APB_ADDR_WIDTH12_TX_FIFO_DEPTH16_RX_FIFO_DEPTH16/rx_uart_data[3] to hnet:apb_uart_sv_APB_ADDR_WIDTH12_TX_FIFO_DEPTH16_RX_FIFO_DEPTH16/rx_uart_datax3x
Renaming hnet from hnet:apb_uart_sv_APB_ADDR_WIDTH12_TX_FIFO_DEPTH16_RX_FIFO_DEPTH16/rx_uart_data[4] to hnet:apb_uart_sv_APB_ADDR_WIDTH12_TX_FIFO_DEPTH16_RX_FIFO_DEPTH16/rx_uart_datax4x
Renaming hnet from hnet:apb_uart_sv_APB_ADDR_WIDTH12_TX_FIFO_DEPTH16_RX_FIFO_DEPTH16/rx_uart_data[5] to hnet:apb_uart_sv_APB_ADDR_WIDTH12_TX_FIFO_DEPTH16_RX_FIFO_DEPTH16/rx_uart_datax5x
Renaming hnet from hnet:apb_uart_sv_APB_ADDR_WIDTH12_TX_FIFO_DEPTH16_RX_FIFO_DEPTH16/rx_uart_data[6] to hnet:apb_uart_sv_APB_ADDR_WIDTH12_TX_FIFO_DEPTH16_RX_FIFO_DEPTH16/rx_uart_datax6x
Renaming hnet from hnet:apb_uart_sv_APB_ADDR_WIDTH12_TX_FIFO_DEPTH16_RX_FIFO_DEPTH16/rx_uart_data[7] to hnet:apb_uart_sv_APB_ADDR_WIDTH12_TX_FIFO_DEPTH16_RX_FIFO_DEPTH16/rx_uart_datax7x
Renaming hnet from hnet:apb_uart_sv_APB_ADDR_WIDTH12_TX_FIFO_DEPTH16_RX_FIFO_DEPTH16/cfg_div[0]_660 to hnet:apb_uart_sv_APB_ADDR_WIDTH12_TX_FIFO_DEPTH16_RX_FIFO_DEPTH16/cfg_divx0x_660
Renaming hnet from hnet:apb_uart_sv_APB_ADDR_WIDTH12_TX_FIFO_DEPTH16_RX_FIFO_DEPTH16/cfg_div[1]_661 to hnet:apb_uart_sv_APB_ADDR_WIDTH12_TX_FIFO_DEPTH16_RX_FIFO_DEPTH16/cfg_divx1x_661
Renaming hnet from hnet:apb_uart_sv_APB_ADDR_WIDTH12_TX_FIFO_DEPTH16_RX_FIFO_DEPTH16/cfg_div[2]_662 to hnet:apb_uart_sv_APB_ADDR_WIDTH12_TX_FIFO_DEPTH16_RX_FIFO_DEPTH16/cfg_divx2x_662
Renaming hnet from hnet:apb_uart_sv_APB_ADDR_WIDTH12_TX_FIFO_DEPTH16_RX_FIFO_DEPTH16/cfg_div[3]_663 to hnet:apb_uart_sv_APB_ADDR_WIDTH12_TX_FIFO_DEPTH16_RX_FIFO_DEPTH16/cfg_divx3x_663
Renaming hnet from hnet:apb_uart_sv_APB_ADDR_WIDTH12_TX_FIFO_DEPTH16_RX_FIFO_DEPTH16/cfg_div[4]_664 to hnet:apb_uart_sv_APB_ADDR_WIDTH12_TX_FIFO_DEPTH16_RX_FIFO_DEPTH16/cfg_divx4x_664
Renaming hnet from hnet:apb_uart_sv_APB_ADDR_WIDTH12_TX_FIFO_DEPTH16_RX_FIFO_DEPTH16/cfg_div[5]_665 to hnet:apb_uart_sv_APB_ADDR_WIDTH12_TX_FIFO_DEPTH16_RX_FIFO_DEPTH16/cfg_divx5x_665
Renaming hnet from hnet:apb_uart_sv_APB_ADDR_WIDTH12_TX_FIFO_DEPTH16_RX_FIFO_DEPTH16/rx_trigger[4] to hnet:apb_uart_sv_APB_ADDR_WIDTH12_TX_FIFO_DEPTH16_RX_FIFO_DEPTH16/rx_triggerx4x
Renaming hnet from hnet:io_generic_fifo_DATA_WIDTH8_BUFFER_DEPTH16_LOG_BUFFER_DEPTH4/buffer[0][0] to hnet:io_generic_fifo_DATA_WIDTH8_BUFFER_DEPTH16_LOG_BUFFER_DEPTH4/bufferx0xx0x
Renaming hnet from hnet:io_generic_fifo_DATA_WIDTH8_BUFFER_DEPTH16_LOG_BUFFER_DEPTH4/buffer[0][1] to hnet:io_generic_fifo_DATA_WIDTH8_BUFFER_DEPTH16_LOG_BUFFER_DEPTH4/bufferx0xx1x
Renaming hnet from hnet:io_generic_fifo_DATA_WIDTH8_BUFFER_DEPTH16_LOG_BUFFER_DEPTH4/buffer[0][2] to hnet:io_generic_fifo_DATA_WIDTH8_BUFFER_DEPTH16_LOG_BUFFER_DEPTH4/bufferx0xx2x
Renaming hnet from hnet:io_generic_fifo_DATA_WIDTH8_BUFFER_DEPTH16_LOG_BUFFER_DEPTH4/buffer[0][3] to hnet:io_generic_fifo_DATA_WIDTH8_BUFFER_DEPTH16_LOG_BUFFER_DEPTH4/bufferx0xx3x
Renaming hnet from hnet:io_generic_fifo_DATA_WIDTH8_BUFFER_DEPTH16_LOG_BUFFER_DEPTH4/buffer[0][4] to hnet:io_generic_fifo_DATA_WIDTH8_BUFFER_DEPTH16_LOG_BUFFER_DEPTH4/bufferx0xx4x
Renaming hnet from hnet:io_generic_fifo_DATA_WIDTH8_BUFFER_DEPTH16_LOG_BUFFER_DEPTH4/buffer[0][5] to hnet:io_generic_fifo_DATA_WIDTH8_BUFFER_DEPTH16_LOG_BUFFER_DEPTH4/bufferx0xx5x
Renaming hnet from hnet:io_generic_fifo_DATA_WIDTH8_BUFFER_DEPTH16_LOG_BUFFER_DEPTH4/buffer[0][6] to hnet:io_generic_fifo_DATA_WIDTH8_BUFFER_DEPTH16_LOG_BUFFER_DEPTH4/bufferx0xx6x
Renaming hnet from hnet:io_generic_fifo_DATA_WIDTH8_BUFFER_DEPTH16_LOG_BUFFER_DEPTH4/buffer[0][7] to hnet:io_generic_fifo_DATA_WIDTH8_BUFFER_DEPTH16_LOG_BUFFER_DEPTH4/bufferx0xx7x
Renaming hnet from hnet:io_generic_fifo_DATA_WIDTH8_BUFFER_DEPTH16_LOG_BUFFER_DEPTH4/buffer[1][0] to hnet:io_generic_fifo_DATA_WIDTH8_BUFFER_DEPTH16_LOG_BUFFER_DEPTH4/bufferx1xx0x
Renaming hnet from hnet:io_generic_fifo_DATA_WIDTH8_BUFFER_DEPTH16_LOG_BUFFER_DEPTH4/buffer[1][1] to hnet:io_generic_fifo_DATA_WIDTH8_BUFFER_DEPTH16_LOG_BUFFER_DEPTH4/bufferx1xx1x
Renaming hnet from hnet:io_generic_fifo_DATA_WIDTH8_BUFFER_DEPTH16_LOG_BUFFER_DEPTH4/buffer[1][2] to hnet:io_generic_fifo_DATA_WIDTH8_BUFFER_DEPTH16_LOG_BUFFER_DEPTH4/bufferx1xx2x
Renaming hnet from hnet:io_generic_fifo_DATA_WIDTH8_BUFFER_DEPTH16_LOG_BUFFER_DEPTH4/buffer[1][3] to hnet:io_generic_fifo_DATA_WIDTH8_BUFFER_DEPTH16_LOG_BUFFER_DEPTH4/bufferx1xx3x
Renaming hnet from hnet:io_generic_fifo_DATA_WIDTH8_BUFFER_DEPTH16_LOG_BUFFER_DEPTH4/buffer[1][4] to hnet:io_generic_fifo_DATA_WIDTH8_BUFFER_DEPTH16_LOG_BUFFER_DEPTH4/bufferx1xx4x
Renaming hnet from hnet:io_generic_fifo_DATA_WIDTH8_BUFFER_DEPTH16_LOG_BUFFER_DEPTH4/buffer[1][5] to hnet:io_generic_fifo_DATA_WIDTH8_BUFFER_DEPTH16_LOG_BUFFER_DEPTH4/bufferx1xx5x
Renaming hnet from hnet:io_generic_fifo_DATA_WIDTH8_BUFFER_DEPTH16_LOG_BUFFER_DEPTH4/buffer[1][6] to hnet:io_generic_fifo_DATA_WIDTH8_BUFFER_DEPTH16_LOG_BUFFER_DEPTH4/bufferx1xx6x
Renaming hnet from hnet:io_generic_fifo_DATA_WIDTH8_BUFFER_DEPTH16_LOG_BUFFER_DEPTH4/buffer[1][7] to hnet:io_generic_fifo_DATA_WIDTH8_BUFFER_DEPTH16_LOG_BUFFER_DEPTH4/bufferx1xx7x
Renaming hnet from hnet:io_generic_fifo_DATA_WIDTH8_BUFFER_DEPTH16_LOG_BUFFER_DEPTH4/buffer[2][0] to hnet:io_generic_fifo_DATA_WIDTH8_BUFFER_DEPTH16_LOG_BUFFER_DEPTH4/bufferx2xx0x
Renaming hnet from hnet:io_generic_fifo_DATA_WIDTH8_BUFFER_DEPTH16_LOG_BUFFER_DEPTH4/buffer[2][1] to hnet:io_generic_fifo_DATA_WIDTH8_BUFFER_DEPTH16_LOG_BUFFER_DEPTH4/bufferx2xx1x
Renaming hnet from hnet:io_generic_fifo_DATA_WIDTH8_BUFFER_DEPTH16_LOG_BUFFER_DEPTH4/buffer[2][2] to hnet:io_generic_fifo_DATA_WIDTH8_BUFFER_DEPTH16_LOG_BUFFER_DEPTH4/bufferx2xx2x
Renaming hnet from hnet:io_generic_fifo_DATA_WIDTH8_BUFFER_DEPTH16_LOG_BUFFER_DEPTH4/buffer[2][3] to hnet:io_generic_fifo_DATA_WIDTH8_BUFFER_DEPTH16_LOG_BUFFER_DEPTH4/bufferx2xx3x
Renaming hnet from hnet:io_generic_fifo_DATA_WIDTH8_BUFFER_DEPTH16_LOG_BUFFER_DEPTH4/buffer[2][4] to hnet:io_generic_fifo_DATA_WIDTH8_BUFFER_DEPTH16_LOG_BUFFER_DEPTH4/bufferx2xx4x
Renaming hnet from hnet:io_generic_fifo_DATA_WIDTH8_BUFFER_DEPTH16_LOG_BUFFER_DEPTH4/buffer[2][5] to hnet:io_generic_fifo_DATA_WIDTH8_BUFFER_DEPTH16_LOG_BUFFER_DEPTH4/bufferx2xx5x
Renaming hnet from hnet:io_generic_fifo_DATA_WIDTH8_BUFFER_DEPTH16_LOG_BUFFER_DEPTH4/buffer[2][6] to hnet:io_generic_fifo_DATA_WIDTH8_BUFFER_DEPTH16_LOG_BUFFER_DEPTH4/bufferx2xx6x
Renaming hnet from hnet:io_generic_fifo_DATA_WIDTH8_BUFFER_DEPTH16_LOG_BUFFER_DEPTH4/buffer[2][7] to hnet:io_generic_fifo_DATA_WIDTH8_BUFFER_DEPTH16_LOG_BUFFER_DEPTH4/bufferx2xx7x
Renaming hnet from hnet:io_generic_fifo_DATA_WIDTH8_BUFFER_DEPTH16_LOG_BUFFER_DEPTH4/buffer[3][0] to hnet:io_generic_fifo_DATA_WIDTH8_BUFFER_DEPTH16_LOG_BUFFER_DEPTH4/bufferx3xx0x
Renaming hnet from hnet:io_generic_fifo_DATA_WIDTH8_BUFFER_DEPTH16_LOG_BUFFER_DEPTH4/buffer[3][1] to hnet:io_generic_fifo_DATA_WIDTH8_BUFFER_DEPTH16_LOG_BUFFER_DEPTH4/bufferx3xx1x
Renaming hnet from hnet:io_generic_fifo_DATA_WIDTH8_BUFFER_DEPTH16_LOG_BUFFER_DEPTH4/buffer[3][2] to hnet:io_generic_fifo_DATA_WIDTH8_BUFFER_DEPTH16_LOG_BUFFER_DEPTH4/bufferx3xx2x
Renaming hnet from hnet:io_generic_fifo_DATA_WIDTH8_BUFFER_DEPTH16_LOG_BUFFER_DEPTH4/buffer[3][3] to hnet:io_generic_fifo_DATA_WIDTH8_BUFFER_DEPTH16_LOG_BUFFER_DEPTH4/bufferx3xx3x
Renaming hnet from hnet:io_generic_fifo_DATA_WIDTH8_BUFFER_DEPTH16_LOG_BUFFER_DEPTH4/buffer[3][4] to hnet:io_generic_fifo_DATA_WIDTH8_BUFFER_DEPTH16_LOG_BUFFER_DEPTH4/bufferx3xx4x
Renaming hnet from hnet:io_generic_fifo_DATA_WIDTH8_BUFFER_DEPTH16_LOG_BUFFER_DEPTH4/buffer[3][5] to hnet:io_generic_fifo_DATA_WIDTH8_BUFFER_DEPTH16_LOG_BUFFER_DEPTH4/bufferx3xx5x
Renaming hnet from hnet:io_generic_fifo_DATA_WIDTH8_BUFFER_DEPTH16_LOG_BUFFER_DEPTH4/buffer[3][6] to hnet:io_generic_fifo_DATA_WIDTH8_BUFFER_DEPTH16_LOG_BUFFER_DEPTH4/bufferx3xx6x
Renaming hnet from hnet:io_generic_fifo_DATA_WIDTH8_BUFFER_DEPTH16_LOG_BUFFER_DEPTH4/buffer[3][7] to hnet:io_generic_fifo_DATA_WIDTH8_BUFFER_DEPTH16_LOG_BUFFER_DEPTH4/bufferx3xx7x
Renaming hnet from hnet:io_generic_fifo_DATA_WIDTH8_BUFFER_DEPTH16_LOG_BUFFER_DEPTH4/buffer[4][0] to hnet:io_generic_fifo_DATA_WIDTH8_BUFFER_DEPTH16_LOG_BUFFER_DEPTH4/bufferx4xx0x
Renaming hnet from hnet:io_generic_fifo_DATA_WIDTH8_BUFFER_DEPTH16_LOG_BUFFER_DEPTH4/buffer[4][1] to hnet:io_generic_fifo_DATA_WIDTH8_BUFFER_DEPTH16_LOG_BUFFER_DEPTH4/bufferx4xx1x
Renaming hnet from hnet:io_generic_fifo_DATA_WIDTH8_BUFFER_DEPTH16_LOG_BUFFER_DEPTH4/buffer[4][2] to hnet:io_generic_fifo_DATA_WIDTH8_BUFFER_DEPTH16_LOG_BUFFER_DEPTH4/bufferx4xx2x
Renaming hnet from hnet:io_generic_fifo_DATA_WIDTH8_BUFFER_DEPTH16_LOG_BUFFER_DEPTH4/buffer[4][3] to hnet:io_generic_fifo_DATA_WIDTH8_BUFFER_DEPTH16_LOG_BUFFER_DEPTH4/bufferx4xx3x
Renaming hnet from hnet:io_generic_fifo_DATA_WIDTH8_BUFFER_DEPTH16_LOG_BUFFER_DEPTH4/buffer[4][4] to hnet:io_generic_fifo_DATA_WIDTH8_BUFFER_DEPTH16_LOG_BUFFER_DEPTH4/bufferx4xx4x
Renaming hnet from hnet:io_generic_fifo_DATA_WIDTH8_BUFFER_DEPTH16_LOG_BUFFER_DEPTH4/buffer[4][5] to hnet:io_generic_fifo_DATA_WIDTH8_BUFFER_DEPTH16_LOG_BUFFER_DEPTH4/bufferx4xx5x
Renaming hnet from hnet:io_generic_fifo_DATA_WIDTH8_BUFFER_DEPTH16_LOG_BUFFER_DEPTH4/buffer[4][6] to hnet:io_generic_fifo_DATA_WIDTH8_BUFFER_DEPTH16_LOG_BUFFER_DEPTH4/bufferx4xx6x
Renaming hnet from hnet:io_generic_fifo_DATA_WIDTH8_BUFFER_DEPTH16_LOG_BUFFER_DEPTH4/buffer[4][7] to hnet:io_generic_fifo_DATA_WIDTH8_BUFFER_DEPTH16_LOG_BUFFER_DEPTH4/bufferx4xx7x
Renaming hnet from hnet:io_generic_fifo_DATA_WIDTH8_BUFFER_DEPTH16_LOG_BUFFER_DEPTH4/buffer[5][0] to hnet:io_generic_fifo_DATA_WIDTH8_BUFFER_DEPTH16_LOG_BUFFER_DEPTH4/bufferx5xx0x
Renaming hnet from hnet:io_generic_fifo_DATA_WIDTH8_BUFFER_DEPTH16_LOG_BUFFER_DEPTH4/buffer[5][1] to hnet:io_generic_fifo_DATA_WIDTH8_BUFFER_DEPTH16_LOG_BUFFER_DEPTH4/bufferx5xx1x
Renaming hnet from hnet:io_generic_fifo_DATA_WIDTH8_BUFFER_DEPTH16_LOG_BUFFER_DEPTH4/buffer[5][2] to hnet:io_generic_fifo_DATA_WIDTH8_BUFFER_DEPTH16_LOG_BUFFER_DEPTH4/bufferx5xx2x
Renaming hnet from hnet:io_generic_fifo_DATA_WIDTH8_BUFFER_DEPTH16_LOG_BUFFER_DEPTH4/buffer[5][3] to hnet:io_generic_fifo_DATA_WIDTH8_BUFFER_DEPTH16_LOG_BUFFER_DEPTH4/bufferx5xx3x
Renaming hnet from hnet:io_generic_fifo_DATA_WIDTH8_BUFFER_DEPTH16_LOG_BUFFER_DEPTH4/buffer[5][4] to hnet:io_generic_fifo_DATA_WIDTH8_BUFFER_DEPTH16_LOG_BUFFER_DEPTH4/bufferx5xx4x
Renaming hnet from hnet:io_generic_fifo_DATA_WIDTH8_BUFFER_DEPTH16_LOG_BUFFER_DEPTH4/buffer[5][5] to hnet:io_generic_fifo_DATA_WIDTH8_BUFFER_DEPTH16_LOG_BUFFER_DEPTH4/bufferx5xx5x
Renaming hnet from hnet:io_generic_fifo_DATA_WIDTH8_BUFFER_DEPTH16_LOG_BUFFER_DEPTH4/buffer[5][6] to hnet:io_generic_fifo_DATA_WIDTH8_BUFFER_DEPTH16_LOG_BUFFER_DEPTH4/bufferx5xx6x
Renaming hnet from hnet:io_generic_fifo_DATA_WIDTH8_BUFFER_DEPTH16_LOG_BUFFER_DEPTH4/buffer[5][7] to hnet:io_generic_fifo_DATA_WIDTH8_BUFFER_DEPTH16_LOG_BUFFER_DEPTH4/bufferx5xx7x
Renaming hnet from hnet:io_generic_fifo_DATA_WIDTH8_BUFFER_DEPTH16_LOG_BUFFER_DEPTH4/buffer[6][0] to hnet:io_generic_fifo_DATA_WIDTH8_BUFFER_DEPTH16_LOG_BUFFER_DEPTH4/bufferx6xx0x
Renaming hnet from hnet:io_generic_fifo_DATA_WIDTH8_BUFFER_DEPTH16_LOG_BUFFER_DEPTH4/buffer[6][1] to hnet:io_generic_fifo_DATA_WIDTH8_BUFFER_DEPTH16_LOG_BUFFER_DEPTH4/bufferx6xx1x
Renaming hnet from hnet:io_generic_fifo_DATA_WIDTH8_BUFFER_DEPTH16_LOG_BUFFER_DEPTH4/buffer[6][2] to hnet:io_generic_fifo_DATA_WIDTH8_BUFFER_DEPTH16_LOG_BUFFER_DEPTH4/bufferx6xx2x
Renaming hnet from hnet:io_generic_fifo_DATA_WIDTH8_BUFFER_DEPTH16_LOG_BUFFER_DEPTH4/buffer[6][3] to hnet:io_generic_fifo_DATA_WIDTH8_BUFFER_DEPTH16_LOG_BUFFER_DEPTH4/bufferx6xx3x
Renaming hnet from hnet:io_generic_fifo_DATA_WIDTH8_BUFFER_DEPTH16_LOG_BUFFER_DEPTH4/buffer[6][4] to hnet:io_generic_fifo_DATA_WIDTH8_BUFFER_DEPTH16_LOG_BUFFER_DEPTH4/bufferx6xx4x
Renaming hnet from hnet:io_generic_fifo_DATA_WIDTH8_BUFFER_DEPTH16_LOG_BUFFER_DEPTH4/buffer[6][5] to hnet:io_generic_fifo_DATA_WIDTH8_BUFFER_DEPTH16_LOG_BUFFER_DEPTH4/bufferx6xx5x
Renaming hnet from hnet:io_generic_fifo_DATA_WIDTH8_BUFFER_DEPTH16_LOG_BUFFER_DEPTH4/buffer[6][6] to hnet:io_generic_fifo_DATA_WIDTH8_BUFFER_DEPTH16_LOG_BUFFER_DEPTH4/bufferx6xx6x
Renaming hnet from hnet:io_generic_fifo_DATA_WIDTH8_BUFFER_DEPTH16_LOG_BUFFER_DEPTH4/buffer[6][7] to hnet:io_generic_fifo_DATA_WIDTH8_BUFFER_DEPTH16_LOG_BUFFER_DEPTH4/bufferx6xx7x
Renaming hnet from hnet:io_generic_fifo_DATA_WIDTH8_BUFFER_DEPTH16_LOG_BUFFER_DEPTH4/buffer[7][0] to hnet:io_generic_fifo_DATA_WIDTH8_BUFFER_DEPTH16_LOG_BUFFER_DEPTH4/bufferx7xx0x
Renaming hnet from hnet:io_generic_fifo_DATA_WIDTH8_BUFFER_DEPTH16_LOG_BUFFER_DEPTH4/buffer[7][1] to hnet:io_generic_fifo_DATA_WIDTH8_BUFFER_DEPTH16_LOG_BUFFER_DEPTH4/bufferx7xx1x
Renaming hnet from hnet:io_generic_fifo_DATA_WIDTH8_BUFFER_DEPTH16_LOG_BUFFER_DEPTH4/buffer[7][2] to hnet:io_generic_fifo_DATA_WIDTH8_BUFFER_DEPTH16_LOG_BUFFER_DEPTH4/bufferx7xx2x
Renaming hnet from hnet:io_generic_fifo_DATA_WIDTH8_BUFFER_DEPTH16_LOG_BUFFER_DEPTH4/buffer[7][3] to hnet:io_generic_fifo_DATA_WIDTH8_BUFFER_DEPTH16_LOG_BUFFER_DEPTH4/bufferx7xx3x
Renaming hnet from hnet:io_generic_fifo_DATA_WIDTH8_BUFFER_DEPTH16_LOG_BUFFER_DEPTH4/buffer[7][4] to hnet:io_generic_fifo_DATA_WIDTH8_BUFFER_DEPTH16_LOG_BUFFER_DEPTH4/bufferx7xx4x
Renaming hnet from hnet:io_generic_fifo_DATA_WIDTH8_BUFFER_DEPTH16_LOG_BUFFER_DEPTH4/buffer[7][5] to hnet:io_generic_fifo_DATA_WIDTH8_BUFFER_DEPTH16_LOG_BUFFER_DEPTH4/bufferx7xx5x
Renaming hnet from hnet:io_generic_fifo_DATA_WIDTH8_BUFFER_DEPTH16_LOG_BUFFER_DEPTH4/buffer[7][6] to hnet:io_generic_fifo_DATA_WIDTH8_BUFFER_DEPTH16_LOG_BUFFER_DEPTH4/bufferx7xx6x
Renaming hnet from hnet:io_generic_fifo_DATA_WIDTH8_BUFFER_DEPTH16_LOG_BUFFER_DEPTH4/buffer[7][7] to hnet:io_generic_fifo_DATA_WIDTH8_BUFFER_DEPTH16_LOG_BUFFER_DEPTH4/bufferx7xx7x
Renaming hnet from hnet:io_generic_fifo_DATA_WIDTH8_BUFFER_DEPTH16_LOG_BUFFER_DEPTH4/buffer[8][0] to hnet:io_generic_fifo_DATA_WIDTH8_BUFFER_DEPTH16_LOG_BUFFER_DEPTH4/bufferx8xx0x
Renaming hnet from hnet:io_generic_fifo_DATA_WIDTH8_BUFFER_DEPTH16_LOG_BUFFER_DEPTH4/buffer[8][1] to hnet:io_generic_fifo_DATA_WIDTH8_BUFFER_DEPTH16_LOG_BUFFER_DEPTH4/bufferx8xx1x
Renaming hnet from hnet:io_generic_fifo_DATA_WIDTH8_BUFFER_DEPTH16_LOG_BUFFER_DEPTH4/buffer[8][2] to hnet:io_generic_fifo_DATA_WIDTH8_BUFFER_DEPTH16_LOG_BUFFER_DEPTH4/bufferx8xx2x
Renaming hnet from hnet:io_generic_fifo_DATA_WIDTH8_BUFFER_DEPTH16_LOG_BUFFER_DEPTH4/buffer[8][3] to hnet:io_generic_fifo_DATA_WIDTH8_BUFFER_DEPTH16_LOG_BUFFER_DEPTH4/bufferx8xx3x
Renaming hnet from hnet:io_generic_fifo_DATA_WIDTH8_BUFFER_DEPTH16_LOG_BUFFER_DEPTH4/buffer[8][4] to hnet:io_generic_fifo_DATA_WIDTH8_BUFFER_DEPTH16_LOG_BUFFER_DEPTH4/bufferx8xx4x
Renaming hnet from hnet:io_generic_fifo_DATA_WIDTH8_BUFFER_DEPTH16_LOG_BUFFER_DEPTH4/buffer[8][5] to hnet:io_generic_fifo_DATA_WIDTH8_BUFFER_DEPTH16_LOG_BUFFER_DEPTH4/bufferx8xx5x
Renaming hnet from hnet:io_generic_fifo_DATA_WIDTH8_BUFFER_DEPTH16_LOG_BUFFER_DEPTH4/buffer[8][6] to hnet:io_generic_fifo_DATA_WIDTH8_BUFFER_DEPTH16_LOG_BUFFER_DEPTH4/bufferx8xx6x
Renaming hnet from hnet:io_generic_fifo_DATA_WIDTH8_BUFFER_DEPTH16_LOG_BUFFER_DEPTH4/buffer[8][7] to hnet:io_generic_fifo_DATA_WIDTH8_BUFFER_DEPTH16_LOG_BUFFER_DEPTH4/bufferx8xx7x
Renaming hnet from hnet:io_generic_fifo_DATA_WIDTH8_BUFFER_DEPTH16_LOG_BUFFER_DEPTH4/buffer[9][0] to hnet:io_generic_fifo_DATA_WIDTH8_BUFFER_DEPTH16_LOG_BUFFER_DEPTH4/bufferx9xx0x
Renaming hnet from hnet:io_generic_fifo_DATA_WIDTH8_BUFFER_DEPTH16_LOG_BUFFER_DEPTH4/buffer[9][1] to hnet:io_generic_fifo_DATA_WIDTH8_BUFFER_DEPTH16_LOG_BUFFER_DEPTH4/bufferx9xx1x
Renaming hnet from hnet:io_generic_fifo_DATA_WIDTH8_BUFFER_DEPTH16_LOG_BUFFER_DEPTH4/buffer[9][2] to hnet:io_generic_fifo_DATA_WIDTH8_BUFFER_DEPTH16_LOG_BUFFER_DEPTH4/bufferx9xx2x
Renaming hnet from hnet:io_generic_fifo_DATA_WIDTH8_BUFFER_DEPTH16_LOG_BUFFER_DEPTH4/buffer[9][3] to hnet:io_generic_fifo_DATA_WIDTH8_BUFFER_DEPTH16_LOG_BUFFER_DEPTH4/bufferx9xx3x
Renaming hnet from hnet:io_generic_fifo_DATA_WIDTH8_BUFFER_DEPTH16_LOG_BUFFER_DEPTH4/buffer[9][4] to hnet:io_generic_fifo_DATA_WIDTH8_BUFFER_DEPTH16_LOG_BUFFER_DEPTH4/bufferx9xx4x
Renaming hnet from hnet:io_generic_fifo_DATA_WIDTH8_BUFFER_DEPTH16_LOG_BUFFER_DEPTH4/buffer[9][5] to hnet:io_generic_fifo_DATA_WIDTH8_BUFFER_DEPTH16_LOG_BUFFER_DEPTH4/bufferx9xx5x
Renaming hnet from hnet:io_generic_fifo_DATA_WIDTH8_BUFFER_DEPTH16_LOG_BUFFER_DEPTH4/buffer[9][6] to hnet:io_generic_fifo_DATA_WIDTH8_BUFFER_DEPTH16_LOG_BUFFER_DEPTH4/bufferx9xx6x
Renaming hnet from hnet:io_generic_fifo_DATA_WIDTH8_BUFFER_DEPTH16_LOG_BUFFER_DEPTH4/buffer[9][7] to hnet:io_generic_fifo_DATA_WIDTH8_BUFFER_DEPTH16_LOG_BUFFER_DEPTH4/bufferx9xx7x
Renaming hnet from hnet:io_generic_fifo_DATA_WIDTH8_BUFFER_DEPTH16_LOG_BUFFER_DEPTH4/buffer[10][0] to hnet:io_generic_fifo_DATA_WIDTH8_BUFFER_DEPTH16_LOG_BUFFER_DEPTH4/bufferx10xx0x
Renaming hnet from hnet:io_generic_fifo_DATA_WIDTH8_BUFFER_DEPTH16_LOG_BUFFER_DEPTH4/buffer[10][1] to hnet:io_generic_fifo_DATA_WIDTH8_BUFFER_DEPTH16_LOG_BUFFER_DEPTH4/bufferx10xx1x
Renaming hnet from hnet:io_generic_fifo_DATA_WIDTH8_BUFFER_DEPTH16_LOG_BUFFER_DEPTH4/buffer[10][2] to hnet:io_generic_fifo_DATA_WIDTH8_BUFFER_DEPTH16_LOG_BUFFER_DEPTH4/bufferx10xx2x
Renaming hnet from hnet:io_generic_fifo_DATA_WIDTH8_BUFFER_DEPTH16_LOG_BUFFER_DEPTH4/buffer[10][3] to hnet:io_generic_fifo_DATA_WIDTH8_BUFFER_DEPTH16_LOG_BUFFER_DEPTH4/bufferx10xx3x
Renaming hnet from hnet:io_generic_fifo_DATA_WIDTH8_BUFFER_DEPTH16_LOG_BUFFER_DEPTH4/buffer[10][4] to hnet:io_generic_fifo_DATA_WIDTH8_BUFFER_DEPTH16_LOG_BUFFER_DEPTH4/bufferx10xx4x
Renaming hnet from hnet:io_generic_fifo_DATA_WIDTH8_BUFFER_DEPTH16_LOG_BUFFER_DEPTH4/buffer[10][5] to hnet:io_generic_fifo_DATA_WIDTH8_BUFFER_DEPTH16_LOG_BUFFER_DEPTH4/bufferx10xx5x
Renaming hnet from hnet:io_generic_fifo_DATA_WIDTH8_BUFFER_DEPTH16_LOG_BUFFER_DEPTH4/buffer[10][6] to hnet:io_generic_fifo_DATA_WIDTH8_BUFFER_DEPTH16_LOG_BUFFER_DEPTH4/bufferx10xx6x
Renaming hnet from hnet:io_generic_fifo_DATA_WIDTH8_BUFFER_DEPTH16_LOG_BUFFER_DEPTH4/buffer[10][7] to hnet:io_generic_fifo_DATA_WIDTH8_BUFFER_DEPTH16_LOG_BUFFER_DEPTH4/bufferx10xx7x
Renaming hnet from hnet:io_generic_fifo_DATA_WIDTH8_BUFFER_DEPTH16_LOG_BUFFER_DEPTH4/buffer[11][0] to hnet:io_generic_fifo_DATA_WIDTH8_BUFFER_DEPTH16_LOG_BUFFER_DEPTH4/bufferx11xx0x
Renaming hnet from hnet:io_generic_fifo_DATA_WIDTH8_BUFFER_DEPTH16_LOG_BUFFER_DEPTH4/buffer[11][1] to hnet:io_generic_fifo_DATA_WIDTH8_BUFFER_DEPTH16_LOG_BUFFER_DEPTH4/bufferx11xx1x
Renaming hnet from hnet:io_generic_fifo_DATA_WIDTH8_BUFFER_DEPTH16_LOG_BUFFER_DEPTH4/buffer[11][2] to hnet:io_generic_fifo_DATA_WIDTH8_BUFFER_DEPTH16_LOG_BUFFER_DEPTH4/bufferx11xx2x
Renaming hnet from hnet:io_generic_fifo_DATA_WIDTH8_BUFFER_DEPTH16_LOG_BUFFER_DEPTH4/buffer[11][3] to hnet:io_generic_fifo_DATA_WIDTH8_BUFFER_DEPTH16_LOG_BUFFER_DEPTH4/bufferx11xx3x
Renaming hnet from hnet:io_generic_fifo_DATA_WIDTH8_BUFFER_DEPTH16_LOG_BUFFER_DEPTH4/buffer[11][4] to hnet:io_generic_fifo_DATA_WIDTH8_BUFFER_DEPTH16_LOG_BUFFER_DEPTH4/bufferx11xx4x
Renaming hnet from hnet:io_generic_fifo_DATA_WIDTH8_BUFFER_DEPTH16_LOG_BUFFER_DEPTH4/buffer[11][5] to hnet:io_generic_fifo_DATA_WIDTH8_BUFFER_DEPTH16_LOG_BUFFER_DEPTH4/bufferx11xx5x
Renaming hnet from hnet:io_generic_fifo_DATA_WIDTH8_BUFFER_DEPTH16_LOG_BUFFER_DEPTH4/buffer[11][6] to hnet:io_generic_fifo_DATA_WIDTH8_BUFFER_DEPTH16_LOG_BUFFER_DEPTH4/bufferx11xx6x
Renaming hnet from hnet:io_generic_fifo_DATA_WIDTH8_BUFFER_DEPTH16_LOG_BUFFER_DEPTH4/buffer[11][7] to hnet:io_generic_fifo_DATA_WIDTH8_BUFFER_DEPTH16_LOG_BUFFER_DEPTH4/bufferx11xx7x
Renaming hnet from hnet:io_generic_fifo_DATA_WIDTH8_BUFFER_DEPTH16_LOG_BUFFER_DEPTH4/buffer[12][0] to hnet:io_generic_fifo_DATA_WIDTH8_BUFFER_DEPTH16_LOG_BUFFER_DEPTH4/bufferx12xx0x
Renaming hnet from hnet:io_generic_fifo_DATA_WIDTH8_BUFFER_DEPTH16_LOG_BUFFER_DEPTH4/buffer[12][1] to hnet:io_generic_fifo_DATA_WIDTH8_BUFFER_DEPTH16_LOG_BUFFER_DEPTH4/bufferx12xx1x
Renaming hnet from hnet:io_generic_fifo_DATA_WIDTH8_BUFFER_DEPTH16_LOG_BUFFER_DEPTH4/buffer[12][2] to hnet:io_generic_fifo_DATA_WIDTH8_BUFFER_DEPTH16_LOG_BUFFER_DEPTH4/bufferx12xx2x
Renaming hnet from hnet:io_generic_fifo_DATA_WIDTH8_BUFFER_DEPTH16_LOG_BUFFER_DEPTH4/buffer[12][3] to hnet:io_generic_fifo_DATA_WIDTH8_BUFFER_DEPTH16_LOG_BUFFER_DEPTH4/bufferx12xx3x
Renaming hnet from hnet:io_generic_fifo_DATA_WIDTH8_BUFFER_DEPTH16_LOG_BUFFER_DEPTH4/buffer[12][4] to hnet:io_generic_fifo_DATA_WIDTH8_BUFFER_DEPTH16_LOG_BUFFER_DEPTH4/bufferx12xx4x
Renaming hnet from hnet:io_generic_fifo_DATA_WIDTH8_BUFFER_DEPTH16_LOG_BUFFER_DEPTH4/buffer[12][5] to hnet:io_generic_fifo_DATA_WIDTH8_BUFFER_DEPTH16_LOG_BUFFER_DEPTH4/bufferx12xx5x
Renaming hnet from hnet:io_generic_fifo_DATA_WIDTH8_BUFFER_DEPTH16_LOG_BUFFER_DEPTH4/buffer[12][6] to hnet:io_generic_fifo_DATA_WIDTH8_BUFFER_DEPTH16_LOG_BUFFER_DEPTH4/bufferx12xx6x
Renaming hnet from hnet:io_generic_fifo_DATA_WIDTH8_BUFFER_DEPTH16_LOG_BUFFER_DEPTH4/buffer[12][7] to hnet:io_generic_fifo_DATA_WIDTH8_BUFFER_DEPTH16_LOG_BUFFER_DEPTH4/bufferx12xx7x
Renaming hnet from hnet:io_generic_fifo_DATA_WIDTH8_BUFFER_DEPTH16_LOG_BUFFER_DEPTH4/buffer[13][0] to hnet:io_generic_fifo_DATA_WIDTH8_BUFFER_DEPTH16_LOG_BUFFER_DEPTH4/bufferx13xx0x
Renaming hnet from hnet:io_generic_fifo_DATA_WIDTH8_BUFFER_DEPTH16_LOG_BUFFER_DEPTH4/buffer[13][1] to hnet:io_generic_fifo_DATA_WIDTH8_BUFFER_DEPTH16_LOG_BUFFER_DEPTH4/bufferx13xx1x
Renaming hnet from hnet:io_generic_fifo_DATA_WIDTH8_BUFFER_DEPTH16_LOG_BUFFER_DEPTH4/buffer[13][2] to hnet:io_generic_fifo_DATA_WIDTH8_BUFFER_DEPTH16_LOG_BUFFER_DEPTH4/bufferx13xx2x
Renaming hnet from hnet:io_generic_fifo_DATA_WIDTH8_BUFFER_DEPTH16_LOG_BUFFER_DEPTH4/buffer[13][3] to hnet:io_generic_fifo_DATA_WIDTH8_BUFFER_DEPTH16_LOG_BUFFER_DEPTH4/bufferx13xx3x
Renaming hnet from hnet:io_generic_fifo_DATA_WIDTH8_BUFFER_DEPTH16_LOG_BUFFER_DEPTH4/buffer[13][4] to hnet:io_generic_fifo_DATA_WIDTH8_BUFFER_DEPTH16_LOG_BUFFER_DEPTH4/bufferx13xx4x
Renaming hnet from hnet:io_generic_fifo_DATA_WIDTH8_BUFFER_DEPTH16_LOG_BUFFER_DEPTH4/buffer[13][5] to hnet:io_generic_fifo_DATA_WIDTH8_BUFFER_DEPTH16_LOG_BUFFER_DEPTH4/bufferx13xx5x
Renaming hnet from hnet:io_generic_fifo_DATA_WIDTH8_BUFFER_DEPTH16_LOG_BUFFER_DEPTH4/buffer[13][6] to hnet:io_generic_fifo_DATA_WIDTH8_BUFFER_DEPTH16_LOG_BUFFER_DEPTH4/bufferx13xx6x
Renaming hnet from hnet:io_generic_fifo_DATA_WIDTH8_BUFFER_DEPTH16_LOG_BUFFER_DEPTH4/buffer[13][7] to hnet:io_generic_fifo_DATA_WIDTH8_BUFFER_DEPTH16_LOG_BUFFER_DEPTH4/bufferx13xx7x
Renaming hnet from hnet:io_generic_fifo_DATA_WIDTH8_BUFFER_DEPTH16_LOG_BUFFER_DEPTH4/buffer[14][0] to hnet:io_generic_fifo_DATA_WIDTH8_BUFFER_DEPTH16_LOG_BUFFER_DEPTH4/bufferx14xx0x
Renaming hnet from hnet:io_generic_fifo_DATA_WIDTH8_BUFFER_DEPTH16_LOG_BUFFER_DEPTH4/buffer[14][1] to hnet:io_generic_fifo_DATA_WIDTH8_BUFFER_DEPTH16_LOG_BUFFER_DEPTH4/bufferx14xx1x
Renaming hnet from hnet:io_generic_fifo_DATA_WIDTH8_BUFFER_DEPTH16_LOG_BUFFER_DEPTH4/buffer[14][2] to hnet:io_generic_fifo_DATA_WIDTH8_BUFFER_DEPTH16_LOG_BUFFER_DEPTH4/bufferx14xx2x
Renaming hnet from hnet:io_generic_fifo_DATA_WIDTH8_BUFFER_DEPTH16_LOG_BUFFER_DEPTH4/buffer[14][3] to hnet:io_generic_fifo_DATA_WIDTH8_BUFFER_DEPTH16_LOG_BUFFER_DEPTH4/bufferx14xx3x
Renaming hnet from hnet:io_generic_fifo_DATA_WIDTH8_BUFFER_DEPTH16_LOG_BUFFER_DEPTH4/buffer[14][4] to hnet:io_generic_fifo_DATA_WIDTH8_BUFFER_DEPTH16_LOG_BUFFER_DEPTH4/bufferx14xx4x
Renaming hnet from hnet:io_generic_fifo_DATA_WIDTH8_BUFFER_DEPTH16_LOG_BUFFER_DEPTH4/buffer[14][5] to hnet:io_generic_fifo_DATA_WIDTH8_BUFFER_DEPTH16_LOG_BUFFER_DEPTH4/bufferx14xx5x
Renaming hnet from hnet:io_generic_fifo_DATA_WIDTH8_BUFFER_DEPTH16_LOG_BUFFER_DEPTH4/buffer[14][6] to hnet:io_generic_fifo_DATA_WIDTH8_BUFFER_DEPTH16_LOG_BUFFER_DEPTH4/bufferx14xx6x
Renaming hnet from hnet:io_generic_fifo_DATA_WIDTH8_BUFFER_DEPTH16_LOG_BUFFER_DEPTH4/buffer[14][7] to hnet:io_generic_fifo_DATA_WIDTH8_BUFFER_DEPTH16_LOG_BUFFER_DEPTH4/bufferx14xx7x
Renaming hnet from hnet:io_generic_fifo_DATA_WIDTH8_BUFFER_DEPTH16_LOG_BUFFER_DEPTH4/buffer[15][0] to hnet:io_generic_fifo_DATA_WIDTH8_BUFFER_DEPTH16_LOG_BUFFER_DEPTH4/bufferx15xx0x
Renaming hnet from hnet:io_generic_fifo_DATA_WIDTH8_BUFFER_DEPTH16_LOG_BUFFER_DEPTH4/buffer[15][1] to hnet:io_generic_fifo_DATA_WIDTH8_BUFFER_DEPTH16_LOG_BUFFER_DEPTH4/bufferx15xx1x
Renaming hnet from hnet:io_generic_fifo_DATA_WIDTH8_BUFFER_DEPTH16_LOG_BUFFER_DEPTH4/buffer[15][2] to hnet:io_generic_fifo_DATA_WIDTH8_BUFFER_DEPTH16_LOG_BUFFER_DEPTH4/bufferx15xx2x
Renaming hnet from hnet:io_generic_fifo_DATA_WIDTH8_BUFFER_DEPTH16_LOG_BUFFER_DEPTH4/buffer[15][3] to hnet:io_generic_fifo_DATA_WIDTH8_BUFFER_DEPTH16_LOG_BUFFER_DEPTH4/bufferx15xx3x
Renaming hnet from hnet:io_generic_fifo_DATA_WIDTH8_BUFFER_DEPTH16_LOG_BUFFER_DEPTH4/buffer[15][4] to hnet:io_generic_fifo_DATA_WIDTH8_BUFFER_DEPTH16_LOG_BUFFER_DEPTH4/bufferx15xx4x
Renaming hnet from hnet:io_generic_fifo_DATA_WIDTH8_BUFFER_DEPTH16_LOG_BUFFER_DEPTH4/buffer[15][5] to hnet:io_generic_fifo_DATA_WIDTH8_BUFFER_DEPTH16_LOG_BUFFER_DEPTH4/bufferx15xx5x
Renaming hnet from hnet:io_generic_fifo_DATA_WIDTH8_BUFFER_DEPTH16_LOG_BUFFER_DEPTH4/buffer[15][6] to hnet:io_generic_fifo_DATA_WIDTH8_BUFFER_DEPTH16_LOG_BUFFER_DEPTH4/bufferx15xx6x
Renaming hnet from hnet:io_generic_fifo_DATA_WIDTH8_BUFFER_DEPTH16_LOG_BUFFER_DEPTH4/buffer[15][7] to hnet:io_generic_fifo_DATA_WIDTH8_BUFFER_DEPTH16_LOG_BUFFER_DEPTH4/bufferx15xx7x
Renaming hnet from hnet:io_generic_fifo_DATA_WIDTH8_BUFFER_DEPTH16_LOG_BUFFER_DEPTH4/pointer_in[0] to hnet:io_generic_fifo_DATA_WIDTH8_BUFFER_DEPTH16_LOG_BUFFER_DEPTH4/pointer_inx0x
Renaming hnet from hnet:io_generic_fifo_DATA_WIDTH8_BUFFER_DEPTH16_LOG_BUFFER_DEPTH4/pointer_in[1] to hnet:io_generic_fifo_DATA_WIDTH8_BUFFER_DEPTH16_LOG_BUFFER_DEPTH4/pointer_inx1x
Renaming hnet from hnet:io_generic_fifo_DATA_WIDTH8_BUFFER_DEPTH16_LOG_BUFFER_DEPTH4/pointer_in[2] to hnet:io_generic_fifo_DATA_WIDTH8_BUFFER_DEPTH16_LOG_BUFFER_DEPTH4/pointer_inx2x
Renaming hnet from hnet:io_generic_fifo_DATA_WIDTH8_BUFFER_DEPTH16_LOG_BUFFER_DEPTH4/pointer_in[3] to hnet:io_generic_fifo_DATA_WIDTH8_BUFFER_DEPTH16_LOG_BUFFER_DEPTH4/pointer_inx3x
Renaming hnet from hnet:io_generic_fifo_DATA_WIDTH8_BUFFER_DEPTH16_LOG_BUFFER_DEPTH4/pointer_out[0] to hnet:io_generic_fifo_DATA_WIDTH8_BUFFER_DEPTH16_LOG_BUFFER_DEPTH4/pointer_outx0x
Renaming hnet from hnet:io_generic_fifo_DATA_WIDTH8_BUFFER_DEPTH16_LOG_BUFFER_DEPTH4/pointer_out[1] to hnet:io_generic_fifo_DATA_WIDTH8_BUFFER_DEPTH16_LOG_BUFFER_DEPTH4/pointer_outx1x
Renaming hnet from hnet:io_generic_fifo_DATA_WIDTH8_BUFFER_DEPTH16_LOG_BUFFER_DEPTH4/pointer_out[2] to hnet:io_generic_fifo_DATA_WIDTH8_BUFFER_DEPTH16_LOG_BUFFER_DEPTH4/pointer_outx2x
Renaming hnet from hnet:io_generic_fifo_DATA_WIDTH8_BUFFER_DEPTH16_LOG_BUFFER_DEPTH4/pointer_out[3] to hnet:io_generic_fifo_DATA_WIDTH8_BUFFER_DEPTH16_LOG_BUFFER_DEPTH4/pointer_outx3x
Renaming hinst from hinst:io_generic_fifo_DATA_WIDTH8_BUFFER_DEPTH16_LOG_BUFFER_DEPTH4/mux_buffer[pointer_out]_124_22 to hinst:io_generic_fifo_DATA_WIDTH8_BUFFER_DEPTH16_LOG_BUFFER_DEPTH4/mux_bufferxpointer_outx_124_22
Renaming inst from inst:io_generic_fifo_DATA_WIDTH8_BUFFER_DEPTH16_LOG_BUFFER_DEPTH4/elements_reg[0] to inst:io_generic_fifo_DATA_WIDTH8_BUFFER_DEPTH16_LOG_BUFFER_DEPTH4/elements_regx0x
Renaming inst from inst:io_generic_fifo_DATA_WIDTH8_BUFFER_DEPTH16_LOG_BUFFER_DEPTH4/elements_reg[1] to inst:io_generic_fifo_DATA_WIDTH8_BUFFER_DEPTH16_LOG_BUFFER_DEPTH4/elements_regx1x
Renaming inst from inst:io_generic_fifo_DATA_WIDTH8_BUFFER_DEPTH16_LOG_BUFFER_DEPTH4/elements_reg[2] to inst:io_generic_fifo_DATA_WIDTH8_BUFFER_DEPTH16_LOG_BUFFER_DEPTH4/elements_regx2x
Renaming inst from inst:io_generic_fifo_DATA_WIDTH8_BUFFER_DEPTH16_LOG_BUFFER_DEPTH4/elements_reg[3] to inst:io_generic_fifo_DATA_WIDTH8_BUFFER_DEPTH16_LOG_BUFFER_DEPTH4/elements_regx3x
Renaming inst from inst:io_generic_fifo_DATA_WIDTH8_BUFFER_DEPTH16_LOG_BUFFER_DEPTH4/elements_reg[4] to inst:io_generic_fifo_DATA_WIDTH8_BUFFER_DEPTH16_LOG_BUFFER_DEPTH4/elements_regx4x
Renaming inst from inst:io_generic_fifo_DATA_WIDTH8_BUFFER_DEPTH16_LOG_BUFFER_DEPTH4/buffer_reg[0][0] to inst:io_generic_fifo_DATA_WIDTH8_BUFFER_DEPTH16_LOG_BUFFER_DEPTH4/buffer_regx0xx0x
Renaming inst from inst:io_generic_fifo_DATA_WIDTH8_BUFFER_DEPTH16_LOG_BUFFER_DEPTH4/buffer_reg[0][1] to inst:io_generic_fifo_DATA_WIDTH8_BUFFER_DEPTH16_LOG_BUFFER_DEPTH4/buffer_regx0xx1x
Renaming inst from inst:io_generic_fifo_DATA_WIDTH8_BUFFER_DEPTH16_LOG_BUFFER_DEPTH4/buffer_reg[0][2] to inst:io_generic_fifo_DATA_WIDTH8_BUFFER_DEPTH16_LOG_BUFFER_DEPTH4/buffer_regx0xx2x
Renaming inst from inst:io_generic_fifo_DATA_WIDTH8_BUFFER_DEPTH16_LOG_BUFFER_DEPTH4/buffer_reg[0][3] to inst:io_generic_fifo_DATA_WIDTH8_BUFFER_DEPTH16_LOG_BUFFER_DEPTH4/buffer_regx0xx3x
Renaming inst from inst:io_generic_fifo_DATA_WIDTH8_BUFFER_DEPTH16_LOG_BUFFER_DEPTH4/buffer_reg[0][4] to inst:io_generic_fifo_DATA_WIDTH8_BUFFER_DEPTH16_LOG_BUFFER_DEPTH4/buffer_regx0xx4x
Renaming inst from inst:io_generic_fifo_DATA_WIDTH8_BUFFER_DEPTH16_LOG_BUFFER_DEPTH4/buffer_reg[0][5] to inst:io_generic_fifo_DATA_WIDTH8_BUFFER_DEPTH16_LOG_BUFFER_DEPTH4/buffer_regx0xx5x
Renaming inst from inst:io_generic_fifo_DATA_WIDTH8_BUFFER_DEPTH16_LOG_BUFFER_DEPTH4/buffer_reg[0][6] to inst:io_generic_fifo_DATA_WIDTH8_BUFFER_DEPTH16_LOG_BUFFER_DEPTH4/buffer_regx0xx6x
Renaming inst from inst:io_generic_fifo_DATA_WIDTH8_BUFFER_DEPTH16_LOG_BUFFER_DEPTH4/buffer_reg[0][7] to inst:io_generic_fifo_DATA_WIDTH8_BUFFER_DEPTH16_LOG_BUFFER_DEPTH4/buffer_regx0xx7x
Renaming inst from inst:io_generic_fifo_DATA_WIDTH8_BUFFER_DEPTH16_LOG_BUFFER_DEPTH4/buffer_reg[1][0] to inst:io_generic_fifo_DATA_WIDTH8_BUFFER_DEPTH16_LOG_BUFFER_DEPTH4/buffer_regx1xx0x
Renaming inst from inst:io_generic_fifo_DATA_WIDTH8_BUFFER_DEPTH16_LOG_BUFFER_DEPTH4/buffer_reg[1][1] to inst:io_generic_fifo_DATA_WIDTH8_BUFFER_DEPTH16_LOG_BUFFER_DEPTH4/buffer_regx1xx1x
Renaming inst from inst:io_generic_fifo_DATA_WIDTH8_BUFFER_DEPTH16_LOG_BUFFER_DEPTH4/buffer_reg[1][2] to inst:io_generic_fifo_DATA_WIDTH8_BUFFER_DEPTH16_LOG_BUFFER_DEPTH4/buffer_regx1xx2x
Renaming inst from inst:io_generic_fifo_DATA_WIDTH8_BUFFER_DEPTH16_LOG_BUFFER_DEPTH4/buffer_reg[1][3] to inst:io_generic_fifo_DATA_WIDTH8_BUFFER_DEPTH16_LOG_BUFFER_DEPTH4/buffer_regx1xx3x
Renaming inst from inst:io_generic_fifo_DATA_WIDTH8_BUFFER_DEPTH16_LOG_BUFFER_DEPTH4/buffer_reg[1][4] to inst:io_generic_fifo_DATA_WIDTH8_BUFFER_DEPTH16_LOG_BUFFER_DEPTH4/buffer_regx1xx4x
Renaming inst from inst:io_generic_fifo_DATA_WIDTH8_BUFFER_DEPTH16_LOG_BUFFER_DEPTH4/buffer_reg[1][5] to inst:io_generic_fifo_DATA_WIDTH8_BUFFER_DEPTH16_LOG_BUFFER_DEPTH4/buffer_regx1xx5x
Renaming inst from inst:io_generic_fifo_DATA_WIDTH8_BUFFER_DEPTH16_LOG_BUFFER_DEPTH4/buffer_reg[1][6] to inst:io_generic_fifo_DATA_WIDTH8_BUFFER_DEPTH16_LOG_BUFFER_DEPTH4/buffer_regx1xx6x
Renaming inst from inst:io_generic_fifo_DATA_WIDTH8_BUFFER_DEPTH16_LOG_BUFFER_DEPTH4/buffer_reg[1][7] to inst:io_generic_fifo_DATA_WIDTH8_BUFFER_DEPTH16_LOG_BUFFER_DEPTH4/buffer_regx1xx7x
Renaming inst from inst:io_generic_fifo_DATA_WIDTH8_BUFFER_DEPTH16_LOG_BUFFER_DEPTH4/buffer_reg[2][0] to inst:io_generic_fifo_DATA_WIDTH8_BUFFER_DEPTH16_LOG_BUFFER_DEPTH4/buffer_regx2xx0x
Renaming inst from inst:io_generic_fifo_DATA_WIDTH8_BUFFER_DEPTH16_LOG_BUFFER_DEPTH4/buffer_reg[2][1] to inst:io_generic_fifo_DATA_WIDTH8_BUFFER_DEPTH16_LOG_BUFFER_DEPTH4/buffer_regx2xx1x
Renaming inst from inst:io_generic_fifo_DATA_WIDTH8_BUFFER_DEPTH16_LOG_BUFFER_DEPTH4/buffer_reg[2][2] to inst:io_generic_fifo_DATA_WIDTH8_BUFFER_DEPTH16_LOG_BUFFER_DEPTH4/buffer_regx2xx2x
Renaming inst from inst:io_generic_fifo_DATA_WIDTH8_BUFFER_DEPTH16_LOG_BUFFER_DEPTH4/buffer_reg[2][3] to inst:io_generic_fifo_DATA_WIDTH8_BUFFER_DEPTH16_LOG_BUFFER_DEPTH4/buffer_regx2xx3x
Renaming inst from inst:io_generic_fifo_DATA_WIDTH8_BUFFER_DEPTH16_LOG_BUFFER_DEPTH4/buffer_reg[2][4] to inst:io_generic_fifo_DATA_WIDTH8_BUFFER_DEPTH16_LOG_BUFFER_DEPTH4/buffer_regx2xx4x
Renaming inst from inst:io_generic_fifo_DATA_WIDTH8_BUFFER_DEPTH16_LOG_BUFFER_DEPTH4/buffer_reg[2][5] to inst:io_generic_fifo_DATA_WIDTH8_BUFFER_DEPTH16_LOG_BUFFER_DEPTH4/buffer_regx2xx5x
Renaming inst from inst:io_generic_fifo_DATA_WIDTH8_BUFFER_DEPTH16_LOG_BUFFER_DEPTH4/buffer_reg[2][6] to inst:io_generic_fifo_DATA_WIDTH8_BUFFER_DEPTH16_LOG_BUFFER_DEPTH4/buffer_regx2xx6x
Renaming inst from inst:io_generic_fifo_DATA_WIDTH8_BUFFER_DEPTH16_LOG_BUFFER_DEPTH4/buffer_reg[2][7] to inst:io_generic_fifo_DATA_WIDTH8_BUFFER_DEPTH16_LOG_BUFFER_DEPTH4/buffer_regx2xx7x
Renaming inst from inst:io_generic_fifo_DATA_WIDTH8_BUFFER_DEPTH16_LOG_BUFFER_DEPTH4/buffer_reg[3][0] to inst:io_generic_fifo_DATA_WIDTH8_BUFFER_DEPTH16_LOG_BUFFER_DEPTH4/buffer_regx3xx0x
Renaming inst from inst:io_generic_fifo_DATA_WIDTH8_BUFFER_DEPTH16_LOG_BUFFER_DEPTH4/buffer_reg[3][1] to inst:io_generic_fifo_DATA_WIDTH8_BUFFER_DEPTH16_LOG_BUFFER_DEPTH4/buffer_regx3xx1x
Renaming inst from inst:io_generic_fifo_DATA_WIDTH8_BUFFER_DEPTH16_LOG_BUFFER_DEPTH4/buffer_reg[3][2] to inst:io_generic_fifo_DATA_WIDTH8_BUFFER_DEPTH16_LOG_BUFFER_DEPTH4/buffer_regx3xx2x
Renaming inst from inst:io_generic_fifo_DATA_WIDTH8_BUFFER_DEPTH16_LOG_BUFFER_DEPTH4/buffer_reg[3][3] to inst:io_generic_fifo_DATA_WIDTH8_BUFFER_DEPTH16_LOG_BUFFER_DEPTH4/buffer_regx3xx3x
Renaming inst from inst:io_generic_fifo_DATA_WIDTH8_BUFFER_DEPTH16_LOG_BUFFER_DEPTH4/buffer_reg[3][4] to inst:io_generic_fifo_DATA_WIDTH8_BUFFER_DEPTH16_LOG_BUFFER_DEPTH4/buffer_regx3xx4x
Renaming inst from inst:io_generic_fifo_DATA_WIDTH8_BUFFER_DEPTH16_LOG_BUFFER_DEPTH4/buffer_reg[3][5] to inst:io_generic_fifo_DATA_WIDTH8_BUFFER_DEPTH16_LOG_BUFFER_DEPTH4/buffer_regx3xx5x
Renaming inst from inst:io_generic_fifo_DATA_WIDTH8_BUFFER_DEPTH16_LOG_BUFFER_DEPTH4/buffer_reg[3][6] to inst:io_generic_fifo_DATA_WIDTH8_BUFFER_DEPTH16_LOG_BUFFER_DEPTH4/buffer_regx3xx6x
Renaming inst from inst:io_generic_fifo_DATA_WIDTH8_BUFFER_DEPTH16_LOG_BUFFER_DEPTH4/buffer_reg[3][7] to inst:io_generic_fifo_DATA_WIDTH8_BUFFER_DEPTH16_LOG_BUFFER_DEPTH4/buffer_regx3xx7x
Renaming inst from inst:io_generic_fifo_DATA_WIDTH8_BUFFER_DEPTH16_LOG_BUFFER_DEPTH4/buffer_reg[4][0] to inst:io_generic_fifo_DATA_WIDTH8_BUFFER_DEPTH16_LOG_BUFFER_DEPTH4/buffer_regx4xx0x
Renaming inst from inst:io_generic_fifo_DATA_WIDTH8_BUFFER_DEPTH16_LOG_BUFFER_DEPTH4/buffer_reg[4][1] to inst:io_generic_fifo_DATA_WIDTH8_BUFFER_DEPTH16_LOG_BUFFER_DEPTH4/buffer_regx4xx1x
Renaming inst from inst:io_generic_fifo_DATA_WIDTH8_BUFFER_DEPTH16_LOG_BUFFER_DEPTH4/buffer_reg[4][2] to inst:io_generic_fifo_DATA_WIDTH8_BUFFER_DEPTH16_LOG_BUFFER_DEPTH4/buffer_regx4xx2x
Renaming inst from inst:io_generic_fifo_DATA_WIDTH8_BUFFER_DEPTH16_LOG_BUFFER_DEPTH4/buffer_reg[4][3] to inst:io_generic_fifo_DATA_WIDTH8_BUFFER_DEPTH16_LOG_BUFFER_DEPTH4/buffer_regx4xx3x
Renaming inst from inst:io_generic_fifo_DATA_WIDTH8_BUFFER_DEPTH16_LOG_BUFFER_DEPTH4/buffer_reg[4][4] to inst:io_generic_fifo_DATA_WIDTH8_BUFFER_DEPTH16_LOG_BUFFER_DEPTH4/buffer_regx4xx4x
Renaming inst from inst:io_generic_fifo_DATA_WIDTH8_BUFFER_DEPTH16_LOG_BUFFER_DEPTH4/buffer_reg[4][5] to inst:io_generic_fifo_DATA_WIDTH8_BUFFER_DEPTH16_LOG_BUFFER_DEPTH4/buffer_regx4xx5x
Renaming inst from inst:io_generic_fifo_DATA_WIDTH8_BUFFER_DEPTH16_LOG_BUFFER_DEPTH4/buffer_reg[4][6] to inst:io_generic_fifo_DATA_WIDTH8_BUFFER_DEPTH16_LOG_BUFFER_DEPTH4/buffer_regx4xx6x
Renaming inst from inst:io_generic_fifo_DATA_WIDTH8_BUFFER_DEPTH16_LOG_BUFFER_DEPTH4/buffer_reg[4][7] to inst:io_generic_fifo_DATA_WIDTH8_BUFFER_DEPTH16_LOG_BUFFER_DEPTH4/buffer_regx4xx7x
Renaming inst from inst:io_generic_fifo_DATA_WIDTH8_BUFFER_DEPTH16_LOG_BUFFER_DEPTH4/buffer_reg[5][0] to inst:io_generic_fifo_DATA_WIDTH8_BUFFER_DEPTH16_LOG_BUFFER_DEPTH4/buffer_regx5xx0x
Renaming inst from inst:io_generic_fifo_DATA_WIDTH8_BUFFER_DEPTH16_LOG_BUFFER_DEPTH4/buffer_reg[5][1] to inst:io_generic_fifo_DATA_WIDTH8_BUFFER_DEPTH16_LOG_BUFFER_DEPTH4/buffer_regx5xx1x
Renaming inst from inst:io_generic_fifo_DATA_WIDTH8_BUFFER_DEPTH16_LOG_BUFFER_DEPTH4/buffer_reg[5][2] to inst:io_generic_fifo_DATA_WIDTH8_BUFFER_DEPTH16_LOG_BUFFER_DEPTH4/buffer_regx5xx2x
Renaming inst from inst:io_generic_fifo_DATA_WIDTH8_BUFFER_DEPTH16_LOG_BUFFER_DEPTH4/buffer_reg[5][3] to inst:io_generic_fifo_DATA_WIDTH8_BUFFER_DEPTH16_LOG_BUFFER_DEPTH4/buffer_regx5xx3x
Renaming inst from inst:io_generic_fifo_DATA_WIDTH8_BUFFER_DEPTH16_LOG_BUFFER_DEPTH4/buffer_reg[5][4] to inst:io_generic_fifo_DATA_WIDTH8_BUFFER_DEPTH16_LOG_BUFFER_DEPTH4/buffer_regx5xx4x
Renaming inst from inst:io_generic_fifo_DATA_WIDTH8_BUFFER_DEPTH16_LOG_BUFFER_DEPTH4/buffer_reg[5][5] to inst:io_generic_fifo_DATA_WIDTH8_BUFFER_DEPTH16_LOG_BUFFER_DEPTH4/buffer_regx5xx5x
Renaming inst from inst:io_generic_fifo_DATA_WIDTH8_BUFFER_DEPTH16_LOG_BUFFER_DEPTH4/buffer_reg[5][6] to inst:io_generic_fifo_DATA_WIDTH8_BUFFER_DEPTH16_LOG_BUFFER_DEPTH4/buffer_regx5xx6x
Renaming inst from inst:io_generic_fifo_DATA_WIDTH8_BUFFER_DEPTH16_LOG_BUFFER_DEPTH4/buffer_reg[5][7] to inst:io_generic_fifo_DATA_WIDTH8_BUFFER_DEPTH16_LOG_BUFFER_DEPTH4/buffer_regx5xx7x
Renaming inst from inst:io_generic_fifo_DATA_WIDTH8_BUFFER_DEPTH16_LOG_BUFFER_DEPTH4/buffer_reg[6][0] to inst:io_generic_fifo_DATA_WIDTH8_BUFFER_DEPTH16_LOG_BUFFER_DEPTH4/buffer_regx6xx0x
Renaming inst from inst:io_generic_fifo_DATA_WIDTH8_BUFFER_DEPTH16_LOG_BUFFER_DEPTH4/buffer_reg[6][1] to inst:io_generic_fifo_DATA_WIDTH8_BUFFER_DEPTH16_LOG_BUFFER_DEPTH4/buffer_regx6xx1x
Renaming inst from inst:io_generic_fifo_DATA_WIDTH8_BUFFER_DEPTH16_LOG_BUFFER_DEPTH4/buffer_reg[6][2] to inst:io_generic_fifo_DATA_WIDTH8_BUFFER_DEPTH16_LOG_BUFFER_DEPTH4/buffer_regx6xx2x
Renaming inst from inst:io_generic_fifo_DATA_WIDTH8_BUFFER_DEPTH16_LOG_BUFFER_DEPTH4/buffer_reg[6][3] to inst:io_generic_fifo_DATA_WIDTH8_BUFFER_DEPTH16_LOG_BUFFER_DEPTH4/buffer_regx6xx3x
Renaming inst from inst:io_generic_fifo_DATA_WIDTH8_BUFFER_DEPTH16_LOG_BUFFER_DEPTH4/buffer_reg[6][4] to inst:io_generic_fifo_DATA_WIDTH8_BUFFER_DEPTH16_LOG_BUFFER_DEPTH4/buffer_regx6xx4x
Renaming inst from inst:io_generic_fifo_DATA_WIDTH8_BUFFER_DEPTH16_LOG_BUFFER_DEPTH4/buffer_reg[6][5] to inst:io_generic_fifo_DATA_WIDTH8_BUFFER_DEPTH16_LOG_BUFFER_DEPTH4/buffer_regx6xx5x
Renaming inst from inst:io_generic_fifo_DATA_WIDTH8_BUFFER_DEPTH16_LOG_BUFFER_DEPTH4/buffer_reg[6][6] to inst:io_generic_fifo_DATA_WIDTH8_BUFFER_DEPTH16_LOG_BUFFER_DEPTH4/buffer_regx6xx6x
Renaming inst from inst:io_generic_fifo_DATA_WIDTH8_BUFFER_DEPTH16_LOG_BUFFER_DEPTH4/buffer_reg[6][7] to inst:io_generic_fifo_DATA_WIDTH8_BUFFER_DEPTH16_LOG_BUFFER_DEPTH4/buffer_regx6xx7x
Renaming inst from inst:io_generic_fifo_DATA_WIDTH8_BUFFER_DEPTH16_LOG_BUFFER_DEPTH4/buffer_reg[7][0] to inst:io_generic_fifo_DATA_WIDTH8_BUFFER_DEPTH16_LOG_BUFFER_DEPTH4/buffer_regx7xx0x
Renaming inst from inst:io_generic_fifo_DATA_WIDTH8_BUFFER_DEPTH16_LOG_BUFFER_DEPTH4/buffer_reg[7][1] to inst:io_generic_fifo_DATA_WIDTH8_BUFFER_DEPTH16_LOG_BUFFER_DEPTH4/buffer_regx7xx1x
Renaming inst from inst:io_generic_fifo_DATA_WIDTH8_BUFFER_DEPTH16_LOG_BUFFER_DEPTH4/buffer_reg[7][2] to inst:io_generic_fifo_DATA_WIDTH8_BUFFER_DEPTH16_LOG_BUFFER_DEPTH4/buffer_regx7xx2x
Renaming inst from inst:io_generic_fifo_DATA_WIDTH8_BUFFER_DEPTH16_LOG_BUFFER_DEPTH4/buffer_reg[7][3] to inst:io_generic_fifo_DATA_WIDTH8_BUFFER_DEPTH16_LOG_BUFFER_DEPTH4/buffer_regx7xx3x
Renaming inst from inst:io_generic_fifo_DATA_WIDTH8_BUFFER_DEPTH16_LOG_BUFFER_DEPTH4/buffer_reg[7][4] to inst:io_generic_fifo_DATA_WIDTH8_BUFFER_DEPTH16_LOG_BUFFER_DEPTH4/buffer_regx7xx4x
Renaming inst from inst:io_generic_fifo_DATA_WIDTH8_BUFFER_DEPTH16_LOG_BUFFER_DEPTH4/buffer_reg[7][5] to inst:io_generic_fifo_DATA_WIDTH8_BUFFER_DEPTH16_LOG_BUFFER_DEPTH4/buffer_regx7xx5x
Renaming inst from inst:io_generic_fifo_DATA_WIDTH8_BUFFER_DEPTH16_LOG_BUFFER_DEPTH4/buffer_reg[7][6] to inst:io_generic_fifo_DATA_WIDTH8_BUFFER_DEPTH16_LOG_BUFFER_DEPTH4/buffer_regx7xx6x
Renaming inst from inst:io_generic_fifo_DATA_WIDTH8_BUFFER_DEPTH16_LOG_BUFFER_DEPTH4/buffer_reg[7][7] to inst:io_generic_fifo_DATA_WIDTH8_BUFFER_DEPTH16_LOG_BUFFER_DEPTH4/buffer_regx7xx7x
Renaming inst from inst:io_generic_fifo_DATA_WIDTH8_BUFFER_DEPTH16_LOG_BUFFER_DEPTH4/buffer_reg[8][0] to inst:io_generic_fifo_DATA_WIDTH8_BUFFER_DEPTH16_LOG_BUFFER_DEPTH4/buffer_regx8xx0x
Renaming inst from inst:io_generic_fifo_DATA_WIDTH8_BUFFER_DEPTH16_LOG_BUFFER_DEPTH4/buffer_reg[8][1] to inst:io_generic_fifo_DATA_WIDTH8_BUFFER_DEPTH16_LOG_BUFFER_DEPTH4/buffer_regx8xx1x
Renaming inst from inst:io_generic_fifo_DATA_WIDTH8_BUFFER_DEPTH16_LOG_BUFFER_DEPTH4/buffer_reg[8][2] to inst:io_generic_fifo_DATA_WIDTH8_BUFFER_DEPTH16_LOG_BUFFER_DEPTH4/buffer_regx8xx2x
Renaming inst from inst:io_generic_fifo_DATA_WIDTH8_BUFFER_DEPTH16_LOG_BUFFER_DEPTH4/buffer_reg[8][3] to inst:io_generic_fifo_DATA_WIDTH8_BUFFER_DEPTH16_LOG_BUFFER_DEPTH4/buffer_regx8xx3x
Renaming inst from inst:io_generic_fifo_DATA_WIDTH8_BUFFER_DEPTH16_LOG_BUFFER_DEPTH4/buffer_reg[8][4] to inst:io_generic_fifo_DATA_WIDTH8_BUFFER_DEPTH16_LOG_BUFFER_DEPTH4/buffer_regx8xx4x
Renaming inst from inst:io_generic_fifo_DATA_WIDTH8_BUFFER_DEPTH16_LOG_BUFFER_DEPTH4/buffer_reg[8][5] to inst:io_generic_fifo_DATA_WIDTH8_BUFFER_DEPTH16_LOG_BUFFER_DEPTH4/buffer_regx8xx5x
Renaming inst from inst:io_generic_fifo_DATA_WIDTH8_BUFFER_DEPTH16_LOG_BUFFER_DEPTH4/buffer_reg[8][6] to inst:io_generic_fifo_DATA_WIDTH8_BUFFER_DEPTH16_LOG_BUFFER_DEPTH4/buffer_regx8xx6x
Renaming inst from inst:io_generic_fifo_DATA_WIDTH8_BUFFER_DEPTH16_LOG_BUFFER_DEPTH4/buffer_reg[8][7] to inst:io_generic_fifo_DATA_WIDTH8_BUFFER_DEPTH16_LOG_BUFFER_DEPTH4/buffer_regx8xx7x
Renaming inst from inst:io_generic_fifo_DATA_WIDTH8_BUFFER_DEPTH16_LOG_BUFFER_DEPTH4/buffer_reg[9][0] to inst:io_generic_fifo_DATA_WIDTH8_BUFFER_DEPTH16_LOG_BUFFER_DEPTH4/buffer_regx9xx0x
Renaming inst from inst:io_generic_fifo_DATA_WIDTH8_BUFFER_DEPTH16_LOG_BUFFER_DEPTH4/buffer_reg[9][1] to inst:io_generic_fifo_DATA_WIDTH8_BUFFER_DEPTH16_LOG_BUFFER_DEPTH4/buffer_regx9xx1x
Renaming inst from inst:io_generic_fifo_DATA_WIDTH8_BUFFER_DEPTH16_LOG_BUFFER_DEPTH4/buffer_reg[9][2] to inst:io_generic_fifo_DATA_WIDTH8_BUFFER_DEPTH16_LOG_BUFFER_DEPTH4/buffer_regx9xx2x
Renaming inst from inst:io_generic_fifo_DATA_WIDTH8_BUFFER_DEPTH16_LOG_BUFFER_DEPTH4/buffer_reg[9][3] to inst:io_generic_fifo_DATA_WIDTH8_BUFFER_DEPTH16_LOG_BUFFER_DEPTH4/buffer_regx9xx3x
Renaming inst from inst:io_generic_fifo_DATA_WIDTH8_BUFFER_DEPTH16_LOG_BUFFER_DEPTH4/buffer_reg[9][4] to inst:io_generic_fifo_DATA_WIDTH8_BUFFER_DEPTH16_LOG_BUFFER_DEPTH4/buffer_regx9xx4x
Renaming inst from inst:io_generic_fifo_DATA_WIDTH8_BUFFER_DEPTH16_LOG_BUFFER_DEPTH4/buffer_reg[9][5] to inst:io_generic_fifo_DATA_WIDTH8_BUFFER_DEPTH16_LOG_BUFFER_DEPTH4/buffer_regx9xx5x
Renaming inst from inst:io_generic_fifo_DATA_WIDTH8_BUFFER_DEPTH16_LOG_BUFFER_DEPTH4/buffer_reg[9][6] to inst:io_generic_fifo_DATA_WIDTH8_BUFFER_DEPTH16_LOG_BUFFER_DEPTH4/buffer_regx9xx6x
Renaming inst from inst:io_generic_fifo_DATA_WIDTH8_BUFFER_DEPTH16_LOG_BUFFER_DEPTH4/buffer_reg[9][7] to inst:io_generic_fifo_DATA_WIDTH8_BUFFER_DEPTH16_LOG_BUFFER_DEPTH4/buffer_regx9xx7x
Renaming inst from inst:io_generic_fifo_DATA_WIDTH8_BUFFER_DEPTH16_LOG_BUFFER_DEPTH4/buffer_reg[10][0] to inst:io_generic_fifo_DATA_WIDTH8_BUFFER_DEPTH16_LOG_BUFFER_DEPTH4/buffer_regx10xx0x
Renaming inst from inst:io_generic_fifo_DATA_WIDTH8_BUFFER_DEPTH16_LOG_BUFFER_DEPTH4/buffer_reg[10][1] to inst:io_generic_fifo_DATA_WIDTH8_BUFFER_DEPTH16_LOG_BUFFER_DEPTH4/buffer_regx10xx1x
Renaming inst from inst:io_generic_fifo_DATA_WIDTH8_BUFFER_DEPTH16_LOG_BUFFER_DEPTH4/buffer_reg[10][2] to inst:io_generic_fifo_DATA_WIDTH8_BUFFER_DEPTH16_LOG_BUFFER_DEPTH4/buffer_regx10xx2x
Renaming inst from inst:io_generic_fifo_DATA_WIDTH8_BUFFER_DEPTH16_LOG_BUFFER_DEPTH4/buffer_reg[10][3] to inst:io_generic_fifo_DATA_WIDTH8_BUFFER_DEPTH16_LOG_BUFFER_DEPTH4/buffer_regx10xx3x
Renaming inst from inst:io_generic_fifo_DATA_WIDTH8_BUFFER_DEPTH16_LOG_BUFFER_DEPTH4/buffer_reg[10][4] to inst:io_generic_fifo_DATA_WIDTH8_BUFFER_DEPTH16_LOG_BUFFER_DEPTH4/buffer_regx10xx4x
Renaming inst from inst:io_generic_fifo_DATA_WIDTH8_BUFFER_DEPTH16_LOG_BUFFER_DEPTH4/buffer_reg[10][5] to inst:io_generic_fifo_DATA_WIDTH8_BUFFER_DEPTH16_LOG_BUFFER_DEPTH4/buffer_regx10xx5x
Renaming inst from inst:io_generic_fifo_DATA_WIDTH8_BUFFER_DEPTH16_LOG_BUFFER_DEPTH4/buffer_reg[10][6] to inst:io_generic_fifo_DATA_WIDTH8_BUFFER_DEPTH16_LOG_BUFFER_DEPTH4/buffer_regx10xx6x
Renaming inst from inst:io_generic_fifo_DATA_WIDTH8_BUFFER_DEPTH16_LOG_BUFFER_DEPTH4/buffer_reg[10][7] to inst:io_generic_fifo_DATA_WIDTH8_BUFFER_DEPTH16_LOG_BUFFER_DEPTH4/buffer_regx10xx7x
Renaming inst from inst:io_generic_fifo_DATA_WIDTH8_BUFFER_DEPTH16_LOG_BUFFER_DEPTH4/buffer_reg[11][0] to inst:io_generic_fifo_DATA_WIDTH8_BUFFER_DEPTH16_LOG_BUFFER_DEPTH4/buffer_regx11xx0x
Renaming inst from inst:io_generic_fifo_DATA_WIDTH8_BUFFER_DEPTH16_LOG_BUFFER_DEPTH4/buffer_reg[11][1] to inst:io_generic_fifo_DATA_WIDTH8_BUFFER_DEPTH16_LOG_BUFFER_DEPTH4/buffer_regx11xx1x
Renaming inst from inst:io_generic_fifo_DATA_WIDTH8_BUFFER_DEPTH16_LOG_BUFFER_DEPTH4/buffer_reg[11][2] to inst:io_generic_fifo_DATA_WIDTH8_BUFFER_DEPTH16_LOG_BUFFER_DEPTH4/buffer_regx11xx2x
Renaming inst from inst:io_generic_fifo_DATA_WIDTH8_BUFFER_DEPTH16_LOG_BUFFER_DEPTH4/buffer_reg[11][3] to inst:io_generic_fifo_DATA_WIDTH8_BUFFER_DEPTH16_LOG_BUFFER_DEPTH4/buffer_regx11xx3x
Renaming inst from inst:io_generic_fifo_DATA_WIDTH8_BUFFER_DEPTH16_LOG_BUFFER_DEPTH4/buffer_reg[11][4] to inst:io_generic_fifo_DATA_WIDTH8_BUFFER_DEPTH16_LOG_BUFFER_DEPTH4/buffer_regx11xx4x
Renaming inst from inst:io_generic_fifo_DATA_WIDTH8_BUFFER_DEPTH16_LOG_BUFFER_DEPTH4/buffer_reg[11][5] to inst:io_generic_fifo_DATA_WIDTH8_BUFFER_DEPTH16_LOG_BUFFER_DEPTH4/buffer_regx11xx5x
Renaming inst from inst:io_generic_fifo_DATA_WIDTH8_BUFFER_DEPTH16_LOG_BUFFER_DEPTH4/buffer_reg[11][6] to inst:io_generic_fifo_DATA_WIDTH8_BUFFER_DEPTH16_LOG_BUFFER_DEPTH4/buffer_regx11xx6x
Renaming inst from inst:io_generic_fifo_DATA_WIDTH8_BUFFER_DEPTH16_LOG_BUFFER_DEPTH4/buffer_reg[11][7] to inst:io_generic_fifo_DATA_WIDTH8_BUFFER_DEPTH16_LOG_BUFFER_DEPTH4/buffer_regx11xx7x
Renaming inst from inst:io_generic_fifo_DATA_WIDTH8_BUFFER_DEPTH16_LOG_BUFFER_DEPTH4/buffer_reg[12][0] to inst:io_generic_fifo_DATA_WIDTH8_BUFFER_DEPTH16_LOG_BUFFER_DEPTH4/buffer_regx12xx0x
Renaming inst from inst:io_generic_fifo_DATA_WIDTH8_BUFFER_DEPTH16_LOG_BUFFER_DEPTH4/buffer_reg[12][1] to inst:io_generic_fifo_DATA_WIDTH8_BUFFER_DEPTH16_LOG_BUFFER_DEPTH4/buffer_regx12xx1x
Renaming inst from inst:io_generic_fifo_DATA_WIDTH8_BUFFER_DEPTH16_LOG_BUFFER_DEPTH4/buffer_reg[12][2] to inst:io_generic_fifo_DATA_WIDTH8_BUFFER_DEPTH16_LOG_BUFFER_DEPTH4/buffer_regx12xx2x
Renaming inst from inst:io_generic_fifo_DATA_WIDTH8_BUFFER_DEPTH16_LOG_BUFFER_DEPTH4/buffer_reg[12][3] to inst:io_generic_fifo_DATA_WIDTH8_BUFFER_DEPTH16_LOG_BUFFER_DEPTH4/buffer_regx12xx3x
Renaming inst from inst:io_generic_fifo_DATA_WIDTH8_BUFFER_DEPTH16_LOG_BUFFER_DEPTH4/buffer_reg[12][4] to inst:io_generic_fifo_DATA_WIDTH8_BUFFER_DEPTH16_LOG_BUFFER_DEPTH4/buffer_regx12xx4x
Renaming inst from inst:io_generic_fifo_DATA_WIDTH8_BUFFER_DEPTH16_LOG_BUFFER_DEPTH4/buffer_reg[12][5] to inst:io_generic_fifo_DATA_WIDTH8_BUFFER_DEPTH16_LOG_BUFFER_DEPTH4/buffer_regx12xx5x
Renaming inst from inst:io_generic_fifo_DATA_WIDTH8_BUFFER_DEPTH16_LOG_BUFFER_DEPTH4/buffer_reg[12][6] to inst:io_generic_fifo_DATA_WIDTH8_BUFFER_DEPTH16_LOG_BUFFER_DEPTH4/buffer_regx12xx6x
Renaming inst from inst:io_generic_fifo_DATA_WIDTH8_BUFFER_DEPTH16_LOG_BUFFER_DEPTH4/buffer_reg[12][7] to inst:io_generic_fifo_DATA_WIDTH8_BUFFER_DEPTH16_LOG_BUFFER_DEPTH4/buffer_regx12xx7x
Renaming inst from inst:io_generic_fifo_DATA_WIDTH8_BUFFER_DEPTH16_LOG_BUFFER_DEPTH4/buffer_reg[13][0] to inst:io_generic_fifo_DATA_WIDTH8_BUFFER_DEPTH16_LOG_BUFFER_DEPTH4/buffer_regx13xx0x
Renaming inst from inst:io_generic_fifo_DATA_WIDTH8_BUFFER_DEPTH16_LOG_BUFFER_DEPTH4/buffer_reg[13][1] to inst:io_generic_fifo_DATA_WIDTH8_BUFFER_DEPTH16_LOG_BUFFER_DEPTH4/buffer_regx13xx1x
Renaming inst from inst:io_generic_fifo_DATA_WIDTH8_BUFFER_DEPTH16_LOG_BUFFER_DEPTH4/buffer_reg[13][2] to inst:io_generic_fifo_DATA_WIDTH8_BUFFER_DEPTH16_LOG_BUFFER_DEPTH4/buffer_regx13xx2x
Renaming inst from inst:io_generic_fifo_DATA_WIDTH8_BUFFER_DEPTH16_LOG_BUFFER_DEPTH4/buffer_reg[13][3] to inst:io_generic_fifo_DATA_WIDTH8_BUFFER_DEPTH16_LOG_BUFFER_DEPTH4/buffer_regx13xx3x
Renaming inst from inst:io_generic_fifo_DATA_WIDTH8_BUFFER_DEPTH16_LOG_BUFFER_DEPTH4/buffer_reg[13][4] to inst:io_generic_fifo_DATA_WIDTH8_BUFFER_DEPTH16_LOG_BUFFER_DEPTH4/buffer_regx13xx4x
Renaming inst from inst:io_generic_fifo_DATA_WIDTH8_BUFFER_DEPTH16_LOG_BUFFER_DEPTH4/buffer_reg[13][5] to inst:io_generic_fifo_DATA_WIDTH8_BUFFER_DEPTH16_LOG_BUFFER_DEPTH4/buffer_regx13xx5x
Renaming inst from inst:io_generic_fifo_DATA_WIDTH8_BUFFER_DEPTH16_LOG_BUFFER_DEPTH4/buffer_reg[13][6] to inst:io_generic_fifo_DATA_WIDTH8_BUFFER_DEPTH16_LOG_BUFFER_DEPTH4/buffer_regx13xx6x
Renaming inst from inst:io_generic_fifo_DATA_WIDTH8_BUFFER_DEPTH16_LOG_BUFFER_DEPTH4/buffer_reg[13][7] to inst:io_generic_fifo_DATA_WIDTH8_BUFFER_DEPTH16_LOG_BUFFER_DEPTH4/buffer_regx13xx7x
Renaming inst from inst:io_generic_fifo_DATA_WIDTH8_BUFFER_DEPTH16_LOG_BUFFER_DEPTH4/buffer_reg[14][0] to inst:io_generic_fifo_DATA_WIDTH8_BUFFER_DEPTH16_LOG_BUFFER_DEPTH4/buffer_regx14xx0x
Renaming inst from inst:io_generic_fifo_DATA_WIDTH8_BUFFER_DEPTH16_LOG_BUFFER_DEPTH4/buffer_reg[14][1] to inst:io_generic_fifo_DATA_WIDTH8_BUFFER_DEPTH16_LOG_BUFFER_DEPTH4/buffer_regx14xx1x
Renaming inst from inst:io_generic_fifo_DATA_WIDTH8_BUFFER_DEPTH16_LOG_BUFFER_DEPTH4/buffer_reg[14][2] to inst:io_generic_fifo_DATA_WIDTH8_BUFFER_DEPTH16_LOG_BUFFER_DEPTH4/buffer_regx14xx2x
Renaming inst from inst:io_generic_fifo_DATA_WIDTH8_BUFFER_DEPTH16_LOG_BUFFER_DEPTH4/buffer_reg[14][3] to inst:io_generic_fifo_DATA_WIDTH8_BUFFER_DEPTH16_LOG_BUFFER_DEPTH4/buffer_regx14xx3x
Renaming inst from inst:io_generic_fifo_DATA_WIDTH8_BUFFER_DEPTH16_LOG_BUFFER_DEPTH4/buffer_reg[14][4] to inst:io_generic_fifo_DATA_WIDTH8_BUFFER_DEPTH16_LOG_BUFFER_DEPTH4/buffer_regx14xx4x
Renaming inst from inst:io_generic_fifo_DATA_WIDTH8_BUFFER_DEPTH16_LOG_BUFFER_DEPTH4/buffer_reg[14][5] to inst:io_generic_fifo_DATA_WIDTH8_BUFFER_DEPTH16_LOG_BUFFER_DEPTH4/buffer_regx14xx5x
Renaming inst from inst:io_generic_fifo_DATA_WIDTH8_BUFFER_DEPTH16_LOG_BUFFER_DEPTH4/buffer_reg[14][6] to inst:io_generic_fifo_DATA_WIDTH8_BUFFER_DEPTH16_LOG_BUFFER_DEPTH4/buffer_regx14xx6x
Renaming inst from inst:io_generic_fifo_DATA_WIDTH8_BUFFER_DEPTH16_LOG_BUFFER_DEPTH4/buffer_reg[14][7] to inst:io_generic_fifo_DATA_WIDTH8_BUFFER_DEPTH16_LOG_BUFFER_DEPTH4/buffer_regx14xx7x
Renaming inst from inst:io_generic_fifo_DATA_WIDTH8_BUFFER_DEPTH16_LOG_BUFFER_DEPTH4/buffer_reg[15][0] to inst:io_generic_fifo_DATA_WIDTH8_BUFFER_DEPTH16_LOG_BUFFER_DEPTH4/buffer_regx15xx0x
Renaming inst from inst:io_generic_fifo_DATA_WIDTH8_BUFFER_DEPTH16_LOG_BUFFER_DEPTH4/buffer_reg[15][1] to inst:io_generic_fifo_DATA_WIDTH8_BUFFER_DEPTH16_LOG_BUFFER_DEPTH4/buffer_regx15xx1x
Renaming inst from inst:io_generic_fifo_DATA_WIDTH8_BUFFER_DEPTH16_LOG_BUFFER_DEPTH4/buffer_reg[15][2] to inst:io_generic_fifo_DATA_WIDTH8_BUFFER_DEPTH16_LOG_BUFFER_DEPTH4/buffer_regx15xx2x
Renaming inst from inst:io_generic_fifo_DATA_WIDTH8_BUFFER_DEPTH16_LOG_BUFFER_DEPTH4/buffer_reg[15][3] to inst:io_generic_fifo_DATA_WIDTH8_BUFFER_DEPTH16_LOG_BUFFER_DEPTH4/buffer_regx15xx3x
Renaming inst from inst:io_generic_fifo_DATA_WIDTH8_BUFFER_DEPTH16_LOG_BUFFER_DEPTH4/buffer_reg[15][4] to inst:io_generic_fifo_DATA_WIDTH8_BUFFER_DEPTH16_LOG_BUFFER_DEPTH4/buffer_regx15xx4x
Renaming inst from inst:io_generic_fifo_DATA_WIDTH8_BUFFER_DEPTH16_LOG_BUFFER_DEPTH4/buffer_reg[15][5] to inst:io_generic_fifo_DATA_WIDTH8_BUFFER_DEPTH16_LOG_BUFFER_DEPTH4/buffer_regx15xx5x
Renaming inst from inst:io_generic_fifo_DATA_WIDTH8_BUFFER_DEPTH16_LOG_BUFFER_DEPTH4/buffer_reg[15][6] to inst:io_generic_fifo_DATA_WIDTH8_BUFFER_DEPTH16_LOG_BUFFER_DEPTH4/buffer_regx15xx6x
Renaming inst from inst:io_generic_fifo_DATA_WIDTH8_BUFFER_DEPTH16_LOG_BUFFER_DEPTH4/buffer_reg[15][7] to inst:io_generic_fifo_DATA_WIDTH8_BUFFER_DEPTH16_LOG_BUFFER_DEPTH4/buffer_regx15xx7x
Renaming inst from inst:io_generic_fifo_DATA_WIDTH8_BUFFER_DEPTH16_LOG_BUFFER_DEPTH4/pointer_in_reg[0] to inst:io_generic_fifo_DATA_WIDTH8_BUFFER_DEPTH16_LOG_BUFFER_DEPTH4/pointer_in_regx0x
Renaming inst from inst:io_generic_fifo_DATA_WIDTH8_BUFFER_DEPTH16_LOG_BUFFER_DEPTH4/pointer_in_reg[1] to inst:io_generic_fifo_DATA_WIDTH8_BUFFER_DEPTH16_LOG_BUFFER_DEPTH4/pointer_in_regx1x
Renaming inst from inst:io_generic_fifo_DATA_WIDTH8_BUFFER_DEPTH16_LOG_BUFFER_DEPTH4/pointer_in_reg[2] to inst:io_generic_fifo_DATA_WIDTH8_BUFFER_DEPTH16_LOG_BUFFER_DEPTH4/pointer_in_regx2x
Renaming inst from inst:io_generic_fifo_DATA_WIDTH8_BUFFER_DEPTH16_LOG_BUFFER_DEPTH4/pointer_in_reg[3] to inst:io_generic_fifo_DATA_WIDTH8_BUFFER_DEPTH16_LOG_BUFFER_DEPTH4/pointer_in_regx3x
Renaming inst from inst:io_generic_fifo_DATA_WIDTH8_BUFFER_DEPTH16_LOG_BUFFER_DEPTH4/pointer_out_reg[0] to inst:io_generic_fifo_DATA_WIDTH8_BUFFER_DEPTH16_LOG_BUFFER_DEPTH4/pointer_out_regx0x
Renaming inst from inst:io_generic_fifo_DATA_WIDTH8_BUFFER_DEPTH16_LOG_BUFFER_DEPTH4/pointer_out_reg[1] to inst:io_generic_fifo_DATA_WIDTH8_BUFFER_DEPTH16_LOG_BUFFER_DEPTH4/pointer_out_regx1x
Renaming inst from inst:io_generic_fifo_DATA_WIDTH8_BUFFER_DEPTH16_LOG_BUFFER_DEPTH4/pointer_out_reg[2] to inst:io_generic_fifo_DATA_WIDTH8_BUFFER_DEPTH16_LOG_BUFFER_DEPTH4/pointer_out_regx2x
Renaming inst from inst:io_generic_fifo_DATA_WIDTH8_BUFFER_DEPTH16_LOG_BUFFER_DEPTH4/pointer_out_reg[3] to inst:io_generic_fifo_DATA_WIDTH8_BUFFER_DEPTH16_LOG_BUFFER_DEPTH4/pointer_out_regx3x
Renaming hnet from hnet:uart_tx/CS[0] to hnet:uart_tx/CSx0x
Renaming hnet from hnet:uart_tx/CS[1] to hnet:uart_tx/CSx1x
Renaming hnet from hnet:uart_tx/CS[2] to hnet:uart_tx/CSx2x
Renaming hnet from hnet:uart_tx/reg_data[0] to hnet:uart_tx/reg_datax0x
Renaming hnet from hnet:uart_tx/reg_data[1] to hnet:uart_tx/reg_datax1x
Renaming hnet from hnet:uart_tx/reg_data[2] to hnet:uart_tx/reg_datax2x
Renaming hnet from hnet:uart_tx/reg_data[3] to hnet:uart_tx/reg_datax3x
Renaming hnet from hnet:uart_tx/reg_data[4] to hnet:uart_tx/reg_datax4x
Renaming hnet from hnet:uart_tx/reg_data[5] to hnet:uart_tx/reg_datax5x
Renaming hnet from hnet:uart_tx/reg_data[6] to hnet:uart_tx/reg_datax6x
Renaming hnet from hnet:uart_tx/reg_data[7] to hnet:uart_tx/reg_datax7x
Renaming hnet from hnet:uart_tx/reg_bit_count[0] to hnet:uart_tx/reg_bit_countx0x
Renaming hnet from hnet:uart_tx/reg_bit_count[1] to hnet:uart_tx/reg_bit_countx1x
Renaming hnet from hnet:uart_tx/reg_bit_count[2] to hnet:uart_tx/reg_bit_countx2x
Renaming hnet from hnet:uart_tx/baud_cnt[0] to hnet:uart_tx/baud_cntx0x
Renaming hnet from hnet:uart_tx/baud_cnt[1] to hnet:uart_tx/baud_cntx1x
Renaming hnet from hnet:uart_tx/baud_cnt[2] to hnet:uart_tx/baud_cntx2x
Renaming hnet from hnet:uart_tx/baud_cnt[3] to hnet:uart_tx/baud_cntx3x
Renaming hnet from hnet:uart_tx/baud_cnt[4] to hnet:uart_tx/baud_cntx4x
Renaming hnet from hnet:uart_tx/baud_cnt[5] to hnet:uart_tx/baud_cntx5x
Renaming hnet from hnet:uart_tx/baud_cnt[6] to hnet:uart_tx/baud_cntx6x
Renaming hnet from hnet:uart_tx/baud_cnt[7] to hnet:uart_tx/baud_cntx7x
Renaming hnet from hnet:uart_tx/baud_cnt[8] to hnet:uart_tx/baud_cntx8x
Renaming hnet from hnet:uart_tx/baud_cnt[9] to hnet:uart_tx/baud_cntx9x
Renaming hnet from hnet:uart_tx/baud_cnt[10] to hnet:uart_tx/baud_cntx10x
Renaming hnet from hnet:uart_tx/baud_cnt[11] to hnet:uart_tx/baud_cntx11x
Renaming hnet from hnet:uart_tx/baud_cnt[12] to hnet:uart_tx/baud_cntx12x
Renaming hnet from hnet:uart_tx/baud_cnt[13] to hnet:uart_tx/baud_cntx13x
Renaming hnet from hnet:uart_tx/baud_cnt[14] to hnet:uart_tx/baud_cntx14x
Renaming hnet from hnet:uart_tx/baud_cnt[15] to hnet:uart_tx/baud_cntx15x
Renaming hnet from hnet:uart_tx/s_target_bits[0] to hnet:uart_tx/s_target_bitsx0x
Renaming hnet from hnet:uart_tx/s_target_bits[1] to hnet:uart_tx/s_target_bitsx1x
Renaming hnet from hnet:uart_tx/reg_data_next[0] to hnet:uart_tx/reg_data_nextx0x
Renaming hnet from hnet:uart_tx/reg_data_next[1] to hnet:uart_tx/reg_data_nextx1x
Renaming hnet from hnet:uart_tx/reg_data_next[2] to hnet:uart_tx/reg_data_nextx2x
Renaming hnet from hnet:uart_tx/reg_data_next[3] to hnet:uart_tx/reg_data_nextx3x
Renaming hnet from hnet:uart_tx/reg_data_next[4] to hnet:uart_tx/reg_data_nextx4x
Renaming hnet from hnet:uart_tx/reg_data_next[5] to hnet:uart_tx/reg_data_nextx5x
Renaming hnet from hnet:uart_tx/reg_data_next[6] to hnet:uart_tx/reg_data_nextx6x
Renaming hnet from hnet:uart_tx/reg_data_next[7] to hnet:uart_tx/reg_data_nextx7x
Renaming hnet from hnet:uart_tx/reg_bit_count_next[0] to hnet:uart_tx/reg_bit_count_nextx0x
Renaming hnet from hnet:uart_tx/reg_bit_count_next[1] to hnet:uart_tx/reg_bit_count_nextx1x
Renaming hnet from hnet:uart_tx/reg_bit_count_next[2] to hnet:uart_tx/reg_bit_count_nextx2x
Renaming hnet from hnet:uart_tx/NS[0] to hnet:uart_tx/NSx0x
Renaming hnet from hnet:uart_tx/NS[1] to hnet:uart_tx/NSx1x
Renaming hnet from hnet:uart_tx/NS[2] to hnet:uart_tx/NSx2x
Renaming hnet from hnet:uart_tx/s_target_bits[2] to hnet:uart_tx/s_target_bitsx2x
Renaming inst from inst:uart_tx/CS_reg[0] to inst:uart_tx/CS_regx0x
Renaming inst from inst:uart_tx/CS_reg[1] to inst:uart_tx/CS_regx1x
Renaming inst from inst:uart_tx/CS_reg[2] to inst:uart_tx/CS_regx2x
Renaming inst from inst:uart_tx/reg_data_reg[0] to inst:uart_tx/reg_data_regx0x
Renaming inst from inst:uart_tx/reg_data_reg[1] to inst:uart_tx/reg_data_regx1x
Renaming inst from inst:uart_tx/reg_data_reg[2] to inst:uart_tx/reg_data_regx2x
Renaming inst from inst:uart_tx/reg_data_reg[3] to inst:uart_tx/reg_data_regx3x
Renaming inst from inst:uart_tx/reg_data_reg[4] to inst:uart_tx/reg_data_regx4x
Renaming inst from inst:uart_tx/reg_data_reg[5] to inst:uart_tx/reg_data_regx5x
Renaming inst from inst:uart_tx/reg_data_reg[6] to inst:uart_tx/reg_data_regx6x
Renaming inst from inst:uart_tx/reg_data_reg[7] to inst:uart_tx/reg_data_regx7x
Renaming inst from inst:uart_tx/reg_bit_count_reg[0] to inst:uart_tx/reg_bit_count_regx0x
Renaming inst from inst:uart_tx/reg_bit_count_reg[1] to inst:uart_tx/reg_bit_count_regx1x
Renaming inst from inst:uart_tx/reg_bit_count_reg[2] to inst:uart_tx/reg_bit_count_regx2x
Renaming inst from inst:uart_tx/baud_cnt_reg[0] to inst:uart_tx/baud_cnt_regx0x
Renaming inst from inst:uart_tx/baud_cnt_reg[1] to inst:uart_tx/baud_cnt_regx1x
Renaming inst from inst:uart_tx/baud_cnt_reg[2] to inst:uart_tx/baud_cnt_regx2x
Renaming inst from inst:uart_tx/baud_cnt_reg[3] to inst:uart_tx/baud_cnt_regx3x
Renaming inst from inst:uart_tx/baud_cnt_reg[4] to inst:uart_tx/baud_cnt_regx4x
Renaming inst from inst:uart_tx/baud_cnt_reg[5] to inst:uart_tx/baud_cnt_regx5x
Renaming inst from inst:uart_tx/baud_cnt_reg[6] to inst:uart_tx/baud_cnt_regx6x
Renaming inst from inst:uart_tx/baud_cnt_reg[7] to inst:uart_tx/baud_cnt_regx7x
Renaming inst from inst:uart_tx/baud_cnt_reg[8] to inst:uart_tx/baud_cnt_regx8x
Renaming inst from inst:uart_tx/baud_cnt_reg[9] to inst:uart_tx/baud_cnt_regx9x
Renaming inst from inst:uart_tx/baud_cnt_reg[10] to inst:uart_tx/baud_cnt_regx10x
Renaming inst from inst:uart_tx/baud_cnt_reg[11] to inst:uart_tx/baud_cnt_regx11x
Renaming inst from inst:uart_tx/baud_cnt_reg[12] to inst:uart_tx/baud_cnt_regx12x
Renaming inst from inst:uart_tx/baud_cnt_reg[13] to inst:uart_tx/baud_cnt_regx13x
Renaming inst from inst:uart_tx/baud_cnt_reg[14] to inst:uart_tx/baud_cnt_regx14x
Renaming inst from inst:uart_tx/baud_cnt_reg[15] to inst:uart_tx/baud_cnt_regx15x
Renaming hnet from hnet:uart_rx/CS[0] to hnet:uart_rx/CSx0x
Renaming hnet from hnet:uart_rx/CS[1] to hnet:uart_rx/CSx1x
Renaming hnet from hnet:uart_rx/CS[2] to hnet:uart_rx/CSx2x
Renaming hnet from hnet:uart_rx/reg_bit_count[0] to hnet:uart_rx/reg_bit_countx0x
Renaming hnet from hnet:uart_rx/reg_bit_count[1] to hnet:uart_rx/reg_bit_countx1x
Renaming hnet from hnet:uart_rx/reg_bit_count[2] to hnet:uart_rx/reg_bit_countx2x
Renaming hnet from hnet:uart_rx/reg_rx_sync[0] to hnet:uart_rx/reg_rx_syncx0x
Renaming hnet from hnet:uart_rx/reg_rx_sync[1] to hnet:uart_rx/reg_rx_syncx1x
Renaming hnet from hnet:uart_rx/reg_rx_sync[2] to hnet:uart_rx/reg_rx_syncx2x
Renaming hnet from hnet:uart_rx/baud_cnt[0] to hnet:uart_rx/baud_cntx0x
Renaming hnet from hnet:uart_rx/baud_cnt[1] to hnet:uart_rx/baud_cntx1x
Renaming hnet from hnet:uart_rx/baud_cnt[2] to hnet:uart_rx/baud_cntx2x
Renaming hnet from hnet:uart_rx/baud_cnt[3] to hnet:uart_rx/baud_cntx3x
Renaming hnet from hnet:uart_rx/baud_cnt[4] to hnet:uart_rx/baud_cntx4x
Renaming hnet from hnet:uart_rx/baud_cnt[5] to hnet:uart_rx/baud_cntx5x
Renaming hnet from hnet:uart_rx/baud_cnt[6] to hnet:uart_rx/baud_cntx6x
Renaming hnet from hnet:uart_rx/baud_cnt[7] to hnet:uart_rx/baud_cntx7x
Renaming hnet from hnet:uart_rx/baud_cnt[8] to hnet:uart_rx/baud_cntx8x
Renaming hnet from hnet:uart_rx/baud_cnt[9] to hnet:uart_rx/baud_cntx9x
Renaming hnet from hnet:uart_rx/baud_cnt[10] to hnet:uart_rx/baud_cntx10x
Renaming hnet from hnet:uart_rx/baud_cnt[11] to hnet:uart_rx/baud_cntx11x
Renaming hnet from hnet:uart_rx/baud_cnt[12] to hnet:uart_rx/baud_cntx12x
Renaming hnet from hnet:uart_rx/baud_cnt[13] to hnet:uart_rx/baud_cntx13x
Renaming hnet from hnet:uart_rx/baud_cnt[14] to hnet:uart_rx/baud_cntx14x
Renaming hnet from hnet:uart_rx/baud_cnt[15] to hnet:uart_rx/baud_cntx15x
Renaming hnet from hnet:uart_rx/s_target_bits[0] to hnet:uart_rx/s_target_bitsx0x
Renaming hnet from hnet:uart_rx/s_target_bits[1] to hnet:uart_rx/s_target_bitsx1x
Renaming hnet from hnet:uart_rx/reg_data_next[0] to hnet:uart_rx/reg_data_nextx0x
Renaming hnet from hnet:uart_rx/reg_data_next[1] to hnet:uart_rx/reg_data_nextx1x
Renaming hnet from hnet:uart_rx/reg_data_next[2] to hnet:uart_rx/reg_data_nextx2x
Renaming hnet from hnet:uart_rx/reg_data_next[3] to hnet:uart_rx/reg_data_nextx3x
Renaming hnet from hnet:uart_rx/reg_data_next[4] to hnet:uart_rx/reg_data_nextx4x
Renaming hnet from hnet:uart_rx/reg_data_next[5] to hnet:uart_rx/reg_data_nextx5x
Renaming hnet from hnet:uart_rx/reg_data_next[6] to hnet:uart_rx/reg_data_nextx6x
Renaming hnet from hnet:uart_rx/reg_data_next[7] to hnet:uart_rx/reg_data_nextx7x
Renaming hnet from hnet:uart_rx/reg_bit_count_next[0] to hnet:uart_rx/reg_bit_count_nextx0x
Renaming hnet from hnet:uart_rx/reg_bit_count_next[1] to hnet:uart_rx/reg_bit_count_nextx1x
Renaming hnet from hnet:uart_rx/reg_bit_count_next[2] to hnet:uart_rx/reg_bit_count_nextx2x
Renaming hnet from hnet:uart_rx/NS[0] to hnet:uart_rx/NSx0x
Renaming hnet from hnet:uart_rx/NS[1] to hnet:uart_rx/NSx1x
Renaming hnet from hnet:uart_rx/NS[2] to hnet:uart_rx/NSx2x
Renaming hnet from hnet:uart_rx/s_target_bits[2] to hnet:uart_rx/s_target_bitsx2x
Renaming inst from inst:uart_rx/CS_reg[0] to inst:uart_rx/CS_regx0x
Renaming inst from inst:uart_rx/CS_reg[1] to inst:uart_rx/CS_regx1x
Renaming inst from inst:uart_rx/CS_reg[2] to inst:uart_rx/CS_regx2x
Renaming inst from inst:uart_rx/reg_data_reg[0] to inst:uart_rx/reg_data_regx0x
Renaming inst from inst:uart_rx/reg_data_reg[1] to inst:uart_rx/reg_data_regx1x
Renaming inst from inst:uart_rx/reg_data_reg[2] to inst:uart_rx/reg_data_regx2x
Renaming inst from inst:uart_rx/reg_data_reg[3] to inst:uart_rx/reg_data_regx3x
Renaming inst from inst:uart_rx/reg_data_reg[4] to inst:uart_rx/reg_data_regx4x
Renaming inst from inst:uart_rx/reg_data_reg[5] to inst:uart_rx/reg_data_regx5x
Renaming inst from inst:uart_rx/reg_data_reg[6] to inst:uart_rx/reg_data_regx6x
Renaming inst from inst:uart_rx/reg_data_reg[7] to inst:uart_rx/reg_data_regx7x
Renaming inst from inst:uart_rx/reg_bit_count_reg[0] to inst:uart_rx/reg_bit_count_regx0x
Renaming inst from inst:uart_rx/reg_bit_count_reg[1] to inst:uart_rx/reg_bit_count_regx1x
Renaming inst from inst:uart_rx/reg_bit_count_reg[2] to inst:uart_rx/reg_bit_count_regx2x
Renaming inst from inst:uart_rx/reg_rx_sync_reg[0] to inst:uart_rx/reg_rx_sync_regx0x
Renaming inst from inst:uart_rx/reg_rx_sync_reg[1] to inst:uart_rx/reg_rx_sync_regx1x
Renaming inst from inst:uart_rx/reg_rx_sync_reg[2] to inst:uart_rx/reg_rx_sync_regx2x
Renaming inst from inst:uart_rx/baud_cnt_reg[0] to inst:uart_rx/baud_cnt_regx0x
Renaming inst from inst:uart_rx/baud_cnt_reg[1] to inst:uart_rx/baud_cnt_regx1x
Renaming inst from inst:uart_rx/baud_cnt_reg[2] to inst:uart_rx/baud_cnt_regx2x
Renaming inst from inst:uart_rx/baud_cnt_reg[3] to inst:uart_rx/baud_cnt_regx3x
Renaming inst from inst:uart_rx/baud_cnt_reg[4] to inst:uart_rx/baud_cnt_regx4x
Renaming inst from inst:uart_rx/baud_cnt_reg[5] to inst:uart_rx/baud_cnt_regx5x
Renaming inst from inst:uart_rx/baud_cnt_reg[6] to inst:uart_rx/baud_cnt_regx6x
Renaming inst from inst:uart_rx/baud_cnt_reg[7] to inst:uart_rx/baud_cnt_regx7x
Renaming inst from inst:uart_rx/baud_cnt_reg[8] to inst:uart_rx/baud_cnt_regx8x
Renaming inst from inst:uart_rx/baud_cnt_reg[9] to inst:uart_rx/baud_cnt_regx9x
Renaming inst from inst:uart_rx/baud_cnt_reg[10] to inst:uart_rx/baud_cnt_regx10x
Renaming inst from inst:uart_rx/baud_cnt_reg[11] to inst:uart_rx/baud_cnt_regx11x
Renaming inst from inst:uart_rx/baud_cnt_reg[12] to inst:uart_rx/baud_cnt_regx12x
Renaming inst from inst:uart_rx/baud_cnt_reg[13] to inst:uart_rx/baud_cnt_regx13x
Renaming inst from inst:uart_rx/baud_cnt_reg[14] to inst:uart_rx/baud_cnt_regx14x
Renaming inst from inst:uart_rx/baud_cnt_reg[15] to inst:uart_rx/baud_cnt_regx15x
Renaming inst from inst:apb_uart_sv_APB_ADDR_WIDTH12_TX_FIFO_DEPTH16_RX_FIFO_DEPTH16/DLL_q_reg[0] to inst:apb_uart_sv_APB_ADDR_WIDTH12_TX_FIFO_DEPTH16_RX_FIFO_DEPTH16/DLL_q_regx0x
Renaming inst from inst:apb_uart_sv_APB_ADDR_WIDTH12_TX_FIFO_DEPTH16_RX_FIFO_DEPTH16/DLL_q_reg[1] to inst:apb_uart_sv_APB_ADDR_WIDTH12_TX_FIFO_DEPTH16_RX_FIFO_DEPTH16/DLL_q_regx1x
Renaming inst from inst:apb_uart_sv_APB_ADDR_WIDTH12_TX_FIFO_DEPTH16_RX_FIFO_DEPTH16/DLL_q_reg[2] to inst:apb_uart_sv_APB_ADDR_WIDTH12_TX_FIFO_DEPTH16_RX_FIFO_DEPTH16/DLL_q_regx2x
Renaming inst from inst:apb_uart_sv_APB_ADDR_WIDTH12_TX_FIFO_DEPTH16_RX_FIFO_DEPTH16/DLL_q_reg[3] to inst:apb_uart_sv_APB_ADDR_WIDTH12_TX_FIFO_DEPTH16_RX_FIFO_DEPTH16/DLL_q_regx3x
Renaming inst from inst:apb_uart_sv_APB_ADDR_WIDTH12_TX_FIFO_DEPTH16_RX_FIFO_DEPTH16/DLL_q_reg[4] to inst:apb_uart_sv_APB_ADDR_WIDTH12_TX_FIFO_DEPTH16_RX_FIFO_DEPTH16/DLL_q_regx4x
Renaming inst from inst:apb_uart_sv_APB_ADDR_WIDTH12_TX_FIFO_DEPTH16_RX_FIFO_DEPTH16/DLL_q_reg[5] to inst:apb_uart_sv_APB_ADDR_WIDTH12_TX_FIFO_DEPTH16_RX_FIFO_DEPTH16/DLL_q_regx5x
Renaming inst from inst:apb_uart_sv_APB_ADDR_WIDTH12_TX_FIFO_DEPTH16_RX_FIFO_DEPTH16/DLL_q_reg[6] to inst:apb_uart_sv_APB_ADDR_WIDTH12_TX_FIFO_DEPTH16_RX_FIFO_DEPTH16/DLL_q_regx6x
Renaming inst from inst:apb_uart_sv_APB_ADDR_WIDTH12_TX_FIFO_DEPTH16_RX_FIFO_DEPTH16/DLL_q_reg[7] to inst:apb_uart_sv_APB_ADDR_WIDTH12_TX_FIFO_DEPTH16_RX_FIFO_DEPTH16/DLL_q_regx7x
Renaming inst from inst:apb_uart_sv_APB_ADDR_WIDTH12_TX_FIFO_DEPTH16_RX_FIFO_DEPTH16/DLM_q_reg[0] to inst:apb_uart_sv_APB_ADDR_WIDTH12_TX_FIFO_DEPTH16_RX_FIFO_DEPTH16/DLM_q_regx0x
Renaming inst from inst:apb_uart_sv_APB_ADDR_WIDTH12_TX_FIFO_DEPTH16_RX_FIFO_DEPTH16/DLM_q_reg[1] to inst:apb_uart_sv_APB_ADDR_WIDTH12_TX_FIFO_DEPTH16_RX_FIFO_DEPTH16/DLM_q_regx1x
Renaming inst from inst:apb_uart_sv_APB_ADDR_WIDTH12_TX_FIFO_DEPTH16_RX_FIFO_DEPTH16/DLM_q_reg[2] to inst:apb_uart_sv_APB_ADDR_WIDTH12_TX_FIFO_DEPTH16_RX_FIFO_DEPTH16/DLM_q_regx2x
Renaming inst from inst:apb_uart_sv_APB_ADDR_WIDTH12_TX_FIFO_DEPTH16_RX_FIFO_DEPTH16/DLM_q_reg[3] to inst:apb_uart_sv_APB_ADDR_WIDTH12_TX_FIFO_DEPTH16_RX_FIFO_DEPTH16/DLM_q_regx3x
Renaming inst from inst:apb_uart_sv_APB_ADDR_WIDTH12_TX_FIFO_DEPTH16_RX_FIFO_DEPTH16/DLM_q_reg[4] to inst:apb_uart_sv_APB_ADDR_WIDTH12_TX_FIFO_DEPTH16_RX_FIFO_DEPTH16/DLM_q_regx4x
Renaming inst from inst:apb_uart_sv_APB_ADDR_WIDTH12_TX_FIFO_DEPTH16_RX_FIFO_DEPTH16/DLM_q_reg[5] to inst:apb_uart_sv_APB_ADDR_WIDTH12_TX_FIFO_DEPTH16_RX_FIFO_DEPTH16/DLM_q_regx5x
Renaming inst from inst:apb_uart_sv_APB_ADDR_WIDTH12_TX_FIFO_DEPTH16_RX_FIFO_DEPTH16/DLM_q_reg[6] to inst:apb_uart_sv_APB_ADDR_WIDTH12_TX_FIFO_DEPTH16_RX_FIFO_DEPTH16/DLM_q_regx6x
Renaming inst from inst:apb_uart_sv_APB_ADDR_WIDTH12_TX_FIFO_DEPTH16_RX_FIFO_DEPTH16/DLM_q_reg[7] to inst:apb_uart_sv_APB_ADDR_WIDTH12_TX_FIFO_DEPTH16_RX_FIFO_DEPTH16/DLM_q_regx7x
Renaming inst from inst:apb_uart_sv_APB_ADDR_WIDTH12_TX_FIFO_DEPTH16_RX_FIFO_DEPTH16/IER_q_reg[0] to inst:apb_uart_sv_APB_ADDR_WIDTH12_TX_FIFO_DEPTH16_RX_FIFO_DEPTH16/IER_q_regx0x
Renaming inst from inst:apb_uart_sv_APB_ADDR_WIDTH12_TX_FIFO_DEPTH16_RX_FIFO_DEPTH16/IER_q_reg[1] to inst:apb_uart_sv_APB_ADDR_WIDTH12_TX_FIFO_DEPTH16_RX_FIFO_DEPTH16/IER_q_regx1x
Renaming inst from inst:apb_uart_sv_APB_ADDR_WIDTH12_TX_FIFO_DEPTH16_RX_FIFO_DEPTH16/IER_q_reg[2] to inst:apb_uart_sv_APB_ADDR_WIDTH12_TX_FIFO_DEPTH16_RX_FIFO_DEPTH16/IER_q_regx2x
Renaming inst from inst:apb_uart_sv_APB_ADDR_WIDTH12_TX_FIFO_DEPTH16_RX_FIFO_DEPTH16/IER_q_reg[3] to inst:apb_uart_sv_APB_ADDR_WIDTH12_TX_FIFO_DEPTH16_RX_FIFO_DEPTH16/IER_q_regx3x
Renaming inst from inst:apb_uart_sv_APB_ADDR_WIDTH12_TX_FIFO_DEPTH16_RX_FIFO_DEPTH16/IER_q_reg[4] to inst:apb_uart_sv_APB_ADDR_WIDTH12_TX_FIFO_DEPTH16_RX_FIFO_DEPTH16/IER_q_regx4x
Renaming inst from inst:apb_uart_sv_APB_ADDR_WIDTH12_TX_FIFO_DEPTH16_RX_FIFO_DEPTH16/IER_q_reg[5] to inst:apb_uart_sv_APB_ADDR_WIDTH12_TX_FIFO_DEPTH16_RX_FIFO_DEPTH16/IER_q_regx5x
Renaming inst from inst:apb_uart_sv_APB_ADDR_WIDTH12_TX_FIFO_DEPTH16_RX_FIFO_DEPTH16/IER_q_reg[6] to inst:apb_uart_sv_APB_ADDR_WIDTH12_TX_FIFO_DEPTH16_RX_FIFO_DEPTH16/IER_q_regx6x
Renaming inst from inst:apb_uart_sv_APB_ADDR_WIDTH12_TX_FIFO_DEPTH16_RX_FIFO_DEPTH16/IER_q_reg[7] to inst:apb_uart_sv_APB_ADDR_WIDTH12_TX_FIFO_DEPTH16_RX_FIFO_DEPTH16/IER_q_regx7x
Renaming inst from inst:apb_uart_sv_APB_ADDR_WIDTH12_TX_FIFO_DEPTH16_RX_FIFO_DEPTH16/FCR_q_reg[6] to inst:apb_uart_sv_APB_ADDR_WIDTH12_TX_FIFO_DEPTH16_RX_FIFO_DEPTH16/FCR_q_regx6x
Renaming inst from inst:apb_uart_sv_APB_ADDR_WIDTH12_TX_FIFO_DEPTH16_RX_FIFO_DEPTH16/FCR_q_reg[7] to inst:apb_uart_sv_APB_ADDR_WIDTH12_TX_FIFO_DEPTH16_RX_FIFO_DEPTH16/FCR_q_regx7x
Renaming inst from inst:apb_uart_sv_APB_ADDR_WIDTH12_TX_FIFO_DEPTH16_RX_FIFO_DEPTH16/LCR_q_reg[0] to inst:apb_uart_sv_APB_ADDR_WIDTH12_TX_FIFO_DEPTH16_RX_FIFO_DEPTH16/LCR_q_regx0x
Renaming inst from inst:apb_uart_sv_APB_ADDR_WIDTH12_TX_FIFO_DEPTH16_RX_FIFO_DEPTH16/LCR_q_reg[1] to inst:apb_uart_sv_APB_ADDR_WIDTH12_TX_FIFO_DEPTH16_RX_FIFO_DEPTH16/LCR_q_regx1x
Renaming inst from inst:apb_uart_sv_APB_ADDR_WIDTH12_TX_FIFO_DEPTH16_RX_FIFO_DEPTH16/LCR_q_reg[2] to inst:apb_uart_sv_APB_ADDR_WIDTH12_TX_FIFO_DEPTH16_RX_FIFO_DEPTH16/LCR_q_regx2x
Renaming inst from inst:apb_uart_sv_APB_ADDR_WIDTH12_TX_FIFO_DEPTH16_RX_FIFO_DEPTH16/LCR_q_reg[3] to inst:apb_uart_sv_APB_ADDR_WIDTH12_TX_FIFO_DEPTH16_RX_FIFO_DEPTH16/LCR_q_regx3x
Renaming inst from inst:apb_uart_sv_APB_ADDR_WIDTH12_TX_FIFO_DEPTH16_RX_FIFO_DEPTH16/LCR_q_reg[4] to inst:apb_uart_sv_APB_ADDR_WIDTH12_TX_FIFO_DEPTH16_RX_FIFO_DEPTH16/LCR_q_regx4x
Renaming inst from inst:apb_uart_sv_APB_ADDR_WIDTH12_TX_FIFO_DEPTH16_RX_FIFO_DEPTH16/LCR_q_reg[5] to inst:apb_uart_sv_APB_ADDR_WIDTH12_TX_FIFO_DEPTH16_RX_FIFO_DEPTH16/LCR_q_regx5x
Renaming inst from inst:apb_uart_sv_APB_ADDR_WIDTH12_TX_FIFO_DEPTH16_RX_FIFO_DEPTH16/LCR_q_reg[6] to inst:apb_uart_sv_APB_ADDR_WIDTH12_TX_FIFO_DEPTH16_RX_FIFO_DEPTH16/LCR_q_regx6x
Renaming inst from inst:apb_uart_sv_APB_ADDR_WIDTH12_TX_FIFO_DEPTH16_RX_FIFO_DEPTH16/LCR_q_reg[7] to inst:apb_uart_sv_APB_ADDR_WIDTH12_TX_FIFO_DEPTH16_RX_FIFO_DEPTH16/LCR_q_regx7x
Renaming inst from inst:apb_uart_sv_APB_ADDR_WIDTH12_TX_FIFO_DEPTH16_RX_FIFO_DEPTH16/MCR_q_reg[0] to inst:apb_uart_sv_APB_ADDR_WIDTH12_TX_FIFO_DEPTH16_RX_FIFO_DEPTH16/MCR_q_regx0x
Renaming inst from inst:apb_uart_sv_APB_ADDR_WIDTH12_TX_FIFO_DEPTH16_RX_FIFO_DEPTH16/MCR_q_reg[1] to inst:apb_uart_sv_APB_ADDR_WIDTH12_TX_FIFO_DEPTH16_RX_FIFO_DEPTH16/MCR_q_regx1x
Renaming inst from inst:apb_uart_sv_APB_ADDR_WIDTH12_TX_FIFO_DEPTH16_RX_FIFO_DEPTH16/MCR_q_reg[2] to inst:apb_uart_sv_APB_ADDR_WIDTH12_TX_FIFO_DEPTH16_RX_FIFO_DEPTH16/MCR_q_regx2x
Renaming inst from inst:apb_uart_sv_APB_ADDR_WIDTH12_TX_FIFO_DEPTH16_RX_FIFO_DEPTH16/MCR_q_reg[3] to inst:apb_uart_sv_APB_ADDR_WIDTH12_TX_FIFO_DEPTH16_RX_FIFO_DEPTH16/MCR_q_regx3x
Renaming inst from inst:apb_uart_sv_APB_ADDR_WIDTH12_TX_FIFO_DEPTH16_RX_FIFO_DEPTH16/MCR_q_reg[4] to inst:apb_uart_sv_APB_ADDR_WIDTH12_TX_FIFO_DEPTH16_RX_FIFO_DEPTH16/MCR_q_regx4x
Renaming inst from inst:apb_uart_sv_APB_ADDR_WIDTH12_TX_FIFO_DEPTH16_RX_FIFO_DEPTH16/SCR_q_reg[0] to inst:apb_uart_sv_APB_ADDR_WIDTH12_TX_FIFO_DEPTH16_RX_FIFO_DEPTH16/SCR_q_regx0x
Renaming inst from inst:apb_uart_sv_APB_ADDR_WIDTH12_TX_FIFO_DEPTH16_RX_FIFO_DEPTH16/SCR_q_reg[1] to inst:apb_uart_sv_APB_ADDR_WIDTH12_TX_FIFO_DEPTH16_RX_FIFO_DEPTH16/SCR_q_regx1x
Renaming inst from inst:apb_uart_sv_APB_ADDR_WIDTH12_TX_FIFO_DEPTH16_RX_FIFO_DEPTH16/SCR_q_reg[2] to inst:apb_uart_sv_APB_ADDR_WIDTH12_TX_FIFO_DEPTH16_RX_FIFO_DEPTH16/SCR_q_regx2x
Renaming inst from inst:apb_uart_sv_APB_ADDR_WIDTH12_TX_FIFO_DEPTH16_RX_FIFO_DEPTH16/SCR_q_reg[3] to inst:apb_uart_sv_APB_ADDR_WIDTH12_TX_FIFO_DEPTH16_RX_FIFO_DEPTH16/SCR_q_regx3x
Renaming inst from inst:apb_uart_sv_APB_ADDR_WIDTH12_TX_FIFO_DEPTH16_RX_FIFO_DEPTH16/SCR_q_reg[4] to inst:apb_uart_sv_APB_ADDR_WIDTH12_TX_FIFO_DEPTH16_RX_FIFO_DEPTH16/SCR_q_regx4x
Renaming inst from inst:apb_uart_sv_APB_ADDR_WIDTH12_TX_FIFO_DEPTH16_RX_FIFO_DEPTH16/SCR_q_reg[5] to inst:apb_uart_sv_APB_ADDR_WIDTH12_TX_FIFO_DEPTH16_RX_FIFO_DEPTH16/SCR_q_regx5x
Renaming inst from inst:apb_uart_sv_APB_ADDR_WIDTH12_TX_FIFO_DEPTH16_RX_FIFO_DEPTH16/SCR_q_reg[6] to inst:apb_uart_sv_APB_ADDR_WIDTH12_TX_FIFO_DEPTH16_RX_FIFO_DEPTH16/SCR_q_regx6x
Renaming inst from inst:apb_uart_sv_APB_ADDR_WIDTH12_TX_FIFO_DEPTH16_RX_FIFO_DEPTH16/SCR_q_reg[7] to inst:apb_uart_sv_APB_ADDR_WIDTH12_TX_FIFO_DEPTH16_RX_FIFO_DEPTH16/SCR_q_regx7x
Renaming inst from inst:apb_uart_sv_APB_ADDR_WIDTH12_TX_FIFO_DEPTH16_RX_FIFO_DEPTH16/rx_timeout_cnt_reg[0] to inst:apb_uart_sv_APB_ADDR_WIDTH12_TX_FIFO_DEPTH16_RX_FIFO_DEPTH16/rx_timeout_cnt_regx0x
Renaming inst from inst:apb_uart_sv_APB_ADDR_WIDTH12_TX_FIFO_DEPTH16_RX_FIFO_DEPTH16/rx_timeout_cnt_reg[1] to inst:apb_uart_sv_APB_ADDR_WIDTH12_TX_FIFO_DEPTH16_RX_FIFO_DEPTH16/rx_timeout_cnt_regx1x
Renaming inst from inst:apb_uart_sv_APB_ADDR_WIDTH12_TX_FIFO_DEPTH16_RX_FIFO_DEPTH16/rx_timeout_cnt_reg[2] to inst:apb_uart_sv_APB_ADDR_WIDTH12_TX_FIFO_DEPTH16_RX_FIFO_DEPTH16/rx_timeout_cnt_regx2x
Renaming inst from inst:apb_uart_sv_APB_ADDR_WIDTH12_TX_FIFO_DEPTH16_RX_FIFO_DEPTH16/rx_timeout_cnt_reg[3] to inst:apb_uart_sv_APB_ADDR_WIDTH12_TX_FIFO_DEPTH16_RX_FIFO_DEPTH16/rx_timeout_cnt_regx3x
Renaming inst from inst:apb_uart_sv_APB_ADDR_WIDTH12_TX_FIFO_DEPTH16_RX_FIFO_DEPTH16/rx_timeout_cnt_reg[4] to inst:apb_uart_sv_APB_ADDR_WIDTH12_TX_FIFO_DEPTH16_RX_FIFO_DEPTH16/rx_timeout_cnt_regx4x
Renaming inst from inst:apb_uart_sv_APB_ADDR_WIDTH12_TX_FIFO_DEPTH16_RX_FIFO_DEPTH16/rx_timeout_cnt_reg[5] to inst:apb_uart_sv_APB_ADDR_WIDTH12_TX_FIFO_DEPTH16_RX_FIFO_DEPTH16/rx_timeout_cnt_regx5x
Renaming inst from inst:apb_uart_sv_APB_ADDR_WIDTH12_TX_FIFO_DEPTH16_RX_FIFO_DEPTH16/rx_timeout_cnt_reg[6] to inst:apb_uart_sv_APB_ADDR_WIDTH12_TX_FIFO_DEPTH16_RX_FIFO_DEPTH16/rx_timeout_cnt_regx6x
Renaming inst from inst:apb_uart_sv_APB_ADDR_WIDTH12_TX_FIFO_DEPTH16_RX_FIFO_DEPTH16/rx_timeout_cnt_reg[7] to inst:apb_uart_sv_APB_ADDR_WIDTH12_TX_FIFO_DEPTH16_RX_FIFO_DEPTH16/rx_timeout_cnt_regx7x
Renaming inst from inst:apb_uart_sv_APB_ADDR_WIDTH12_TX_FIFO_DEPTH16_RX_FIFO_DEPTH16/rx_timeout_cnt_reg[8] to inst:apb_uart_sv_APB_ADDR_WIDTH12_TX_FIFO_DEPTH16_RX_FIFO_DEPTH16/rx_timeout_cnt_regx8x
Renaming inst from inst:apb_uart_sv_APB_ADDR_WIDTH12_TX_FIFO_DEPTH16_RX_FIFO_DEPTH16/rx_timeout_cnt_reg[9] to inst:apb_uart_sv_APB_ADDR_WIDTH12_TX_FIFO_DEPTH16_RX_FIFO_DEPTH16/rx_timeout_cnt_regx9x
Renaming inst from inst:apb_uart_sv_APB_ADDR_WIDTH12_TX_FIFO_DEPTH16_RX_FIFO_DEPTH16/rx_timeout_cnt_reg[10] to inst:apb_uart_sv_APB_ADDR_WIDTH12_TX_FIFO_DEPTH16_RX_FIFO_DEPTH16/rx_timeout_cnt_regx10x
Renaming inst from inst:apb_uart_sv_APB_ADDR_WIDTH12_TX_FIFO_DEPTH16_RX_FIFO_DEPTH16/rx_timeout_cnt_reg[11] to inst:apb_uart_sv_APB_ADDR_WIDTH12_TX_FIFO_DEPTH16_RX_FIFO_DEPTH16/rx_timeout_cnt_regx11x
Renaming inst from inst:apb_uart_sv_APB_ADDR_WIDTH12_TX_FIFO_DEPTH16_RX_FIFO_DEPTH16/rx_timeout_cnt_reg[12] to inst:apb_uart_sv_APB_ADDR_WIDTH12_TX_FIFO_DEPTH16_RX_FIFO_DEPTH16/rx_timeout_cnt_regx12x
Renaming inst from inst:apb_uart_sv_APB_ADDR_WIDTH12_TX_FIFO_DEPTH16_RX_FIFO_DEPTH16/rx_timeout_cnt_reg[13] to inst:apb_uart_sv_APB_ADDR_WIDTH12_TX_FIFO_DEPTH16_RX_FIFO_DEPTH16/rx_timeout_cnt_regx13x
Renaming inst from inst:apb_uart_sv_APB_ADDR_WIDTH12_TX_FIFO_DEPTH16_RX_FIFO_DEPTH16/rx_timeout_cnt_reg[14] to inst:apb_uart_sv_APB_ADDR_WIDTH12_TX_FIFO_DEPTH16_RX_FIFO_DEPTH16/rx_timeout_cnt_regx14x
Renaming inst from inst:apb_uart_sv_APB_ADDR_WIDTH12_TX_FIFO_DEPTH16_RX_FIFO_DEPTH16/rx_timeout_cnt_reg[15] to inst:apb_uart_sv_APB_ADDR_WIDTH12_TX_FIFO_DEPTH16_RX_FIFO_DEPTH16/rx_timeout_cnt_regx15x
Renaming hnet from hnet:uart_tx/_X_ to hnet:uart_tx/_Xa
Renaming hnet from hnet:uart_rx/_X_ to hnet:uart_rx/_Xa
